[2024-07-04 09:51:28,060]-[main] INFO  com.zaxxer.hikari.HikariDataSource - HikariPool-1 - Starting...
[2024-07-04 09:51:28,138]-[main] INFO  com.zaxxer.hikari.HikariDataSource - HikariPool-1 - Start completed.
[2024-07-04 09:51:28,306]-[main] INFO  Application - Application started in 0.553 seconds.
[2024-07-04 09:51:28,405]-[main] INFO  Application - Responding at http://0.0.0.0:8080
[2024-07-04 09:52:17,048]-[eventLoopGroupProxy-4-1 @call-handler#4] ERROR io.kvision.remote.KVServiceManager - null
java.lang.NullPointerException: null
	at com.jacagen.organizer.OperationService.toOp(Service.kt:55)
	at com.jacagen.organizer.OperationService.access$toOp(Service.kt:12)
	at com.jacagen.organizer.OperationService$getOp$2.invoke(Service.kt:45)
	at com.jacagen.organizer.OperationService$getOp$2.invoke(Service.kt:42)
	at com.jacagen.organizer.Db$dbQuery$2$1.invoke(Db.kt:37)
	at com.jacagen.organizer.Db$dbQuery$2$1.invoke(Db.kt:36)
	at org.jetbrains.exposed.sql.transactions.ThreadLocalTransactionManagerKt.inTopLevelTransaction$run(ThreadLocalTransactionManager.kt:156)
	at org.jetbrains.exposed.sql.transactions.ThreadLocalTransactionManagerKt.access$inTopLevelTransaction$run(ThreadLocalTransactionManager.kt:1)
	at org.jetbrains.exposed.sql.transactions.ThreadLocalTransactionManagerKt$inTopLevelTransaction$1.invoke(ThreadLocalTransactionManager.kt:197)
	at org.jetbrains.exposed.sql.transactions.ThreadLocalTransactionManagerKt.keepAndRestoreTransactionRefAfterRun(ThreadLocalTransactionManager.kt:205)
	at org.jetbrains.exposed.sql.transactions.ThreadLocalTransactionManagerKt.inTopLevelTransaction(ThreadLocalTransactionManager.kt:196)
	at org.jetbrains.exposed.sql.transactions.ThreadLocalTransactionManagerKt$transaction$1.invoke(ThreadLocalTransactionManager.kt:134)
	at org.jetbrains.exposed.sql.transactions.ThreadLocalTransactionManagerKt.keepAndRestoreTransactionRefAfterRun(ThreadLocalTransactionManager.kt:205)
	at org.jetbrains.exposed.sql.transactions.ThreadLocalTransactionManagerKt.transaction(ThreadLocalTransactionManager.kt:106)
	at org.jetbrains.exposed.sql.transactions.ThreadLocalTransactionManagerKt.transaction(ThreadLocalTransactionManager.kt:104)
	at org.jetbrains.exposed.sql.transactions.ThreadLocalTransactionManagerKt.transaction$default(ThreadLocalTransactionManager.kt:103)
	at com.jacagen.organizer.Db$dbQuery$2.invokeSuspend(Db.kt:36)
	at kotlin.coroutines.jvm.internal.BaseContinuationImpl.resumeWith(ContinuationImpl.kt:33)
	at kotlinx.coroutines.DispatchedTask.run(DispatchedTask.kt:104)
	at kotlinx.coroutines.internal.LimitedDispatcher$Worker.run(LimitedDispatcher.kt:111)
	at kotlinx.coroutines.scheduling.TaskImpl.run(Tasks.kt:99)
	at kotlinx.coroutines.scheduling.CoroutineScheduler.runSafely(CoroutineScheduler.kt:584)
	at kotlinx.coroutines.scheduling.CoroutineScheduler$Worker.executeTask(CoroutineScheduler.kt:811)
	at kotlinx.coroutines.scheduling.CoroutineScheduler$Worker.runWorker(CoroutineScheduler.kt:715)
	at kotlinx.coroutines.scheduling.CoroutineScheduler$Worker.run(CoroutineScheduler.kt:702)
[2024-07-04 09:54:03,326]-[main] INFO  com.zaxxer.hikari.HikariDataSource - HikariPool-1 - Starting...
[2024-07-04 09:54:03,401]-[main] INFO  com.zaxxer.hikari.HikariDataSource - HikariPool-1 - Start completed.
[2024-07-04 09:54:03,544]-[main] INFO  Application - Application started in 0.501 seconds.
[2024-07-04 09:54:03,631]-[main] INFO  Application - Responding at http://0.0.0.0:8080
[2024-07-04 09:54:52,298]-[eventLoopGroupProxy-4-1 @call-handler#4] ERROR io.kvision.remote.KVServiceManager - null
java.lang.NullPointerException: null
	at com.jacagen.organizer.OperationService.toOp(Service.kt:55)
	at com.jacagen.organizer.OperationService.access$toOp(Service.kt:12)
	at com.jacagen.organizer.OperationService$getOp$2.invoke(Service.kt:45)
	at com.jacagen.organizer.OperationService$getOp$2.invoke(Service.kt:42)
	at com.jacagen.organizer.Db$dbQuery$2$1.invoke(Db.kt:37)
	at com.jacagen.organizer.Db$dbQuery$2$1.invoke(Db.kt:36)
	at org.jetbrains.exposed.sql.transactions.ThreadLocalTransactionManagerKt.inTopLevelTransaction$run(ThreadLocalTransactionManager.kt:156)
	at org.jetbrains.exposed.sql.transactions.ThreadLocalTransactionManagerKt.access$inTopLevelTransaction$run(ThreadLocalTransactionManager.kt:1)
	at org.jetbrains.exposed.sql.transactions.ThreadLocalTransactionManagerKt$inTopLevelTransaction$1.invoke(ThreadLocalTransactionManager.kt:197)
	at org.jetbrains.exposed.sql.transactions.ThreadLocalTransactionManagerKt.keepAndRestoreTransactionRefAfterRun(ThreadLocalTransactionManager.kt:205)
	at org.jetbrains.exposed.sql.transactions.ThreadLocalTransactionManagerKt.inTopLevelTransaction(ThreadLocalTransactionManager.kt:196)
	at org.jetbrains.exposed.sql.transactions.ThreadLocalTransactionManagerKt$transaction$1.invoke(ThreadLocalTransactionManager.kt:134)
	at org.jetbrains.exposed.sql.transactions.ThreadLocalTransactionManagerKt.keepAndRestoreTransactionRefAfterRun(ThreadLocalTransactionManager.kt:205)
	at org.jetbrains.exposed.sql.transactions.ThreadLocalTransactionManagerKt.transaction(ThreadLocalTransactionManager.kt:106)
	at org.jetbrains.exposed.sql.transactions.ThreadLocalTransactionManagerKt.transaction(ThreadLocalTransactionManager.kt:104)
	at org.jetbrains.exposed.sql.transactions.ThreadLocalTransactionManagerKt.transaction$default(ThreadLocalTransactionManager.kt:103)
	at com.jacagen.organizer.Db$dbQuery$2.invokeSuspend(Db.kt:36)
	at kotlin.coroutines.jvm.internal.BaseContinuationImpl.resumeWith(ContinuationImpl.kt:33)
	at kotlinx.coroutines.DispatchedTask.run(DispatchedTask.kt:104)
	at kotlinx.coroutines.internal.LimitedDispatcher$Worker.run(LimitedDispatcher.kt:111)
	at kotlinx.coroutines.scheduling.TaskImpl.run(Tasks.kt:99)
	at kotlinx.coroutines.scheduling.CoroutineScheduler.runSafely(CoroutineScheduler.kt:584)
	at kotlinx.coroutines.scheduling.CoroutineScheduler$Worker.executeTask(CoroutineScheduler.kt:811)
	at kotlinx.coroutines.scheduling.CoroutineScheduler$Worker.runWorker(CoroutineScheduler.kt:715)
	at kotlinx.coroutines.scheduling.CoroutineScheduler$Worker.run(CoroutineScheduler.kt:702)
[2024-07-04 09:55:44,812]-[eventLoopGroupProxy-4-2 @call-handler#7] ERROR io.kvision.remote.KVServiceManager - null
java.lang.NullPointerException: null
	at com.jacagen.organizer.OperationService.toOp(Service.kt:55)
	at com.jacagen.organizer.OperationService.access$toOp(Service.kt:12)
	at com.jacagen.organizer.OperationService$allOps$2.invoke(Service.kt:39)
	at com.jacagen.organizer.OperationService$allOps$2.invoke(Service.kt:37)
	at com.jacagen.organizer.Db$dbQuery$2$1.invoke(Db.kt:37)
	at com.jacagen.organizer.Db$dbQuery$2$1.invoke(Db.kt:36)
	at org.jetbrains.exposed.sql.transactions.ThreadLocalTransactionManagerKt.inTopLevelTransaction$run(ThreadLocalTransactionManager.kt:156)
	at org.jetbrains.exposed.sql.transactions.ThreadLocalTransactionManagerKt.access$inTopLevelTransaction$run(ThreadLocalTransactionManager.kt:1)
	at org.jetbrains.exposed.sql.transactions.ThreadLocalTransactionManagerKt$inTopLevelTransaction$1.invoke(ThreadLocalTransactionManager.kt:197)
	at org.jetbrains.exposed.sql.transactions.ThreadLocalTransactionManagerKt.keepAndRestoreTransactionRefAfterRun(ThreadLocalTransactionManager.kt:205)
	at org.jetbrains.exposed.sql.transactions.ThreadLocalTransactionManagerKt.inTopLevelTransaction(ThreadLocalTransactionManager.kt:196)
	at org.jetbrains.exposed.sql.transactions.ThreadLocalTransactionManagerKt$transaction$1.invoke(ThreadLocalTransactionManager.kt:134)
	at org.jetbrains.exposed.sql.transactions.ThreadLocalTransactionManagerKt.keepAndRestoreTransactionRefAfterRun(ThreadLocalTransactionManager.kt:205)
	at org.jetbrains.exposed.sql.transactions.ThreadLocalTransactionManagerKt.transaction(ThreadLocalTransactionManager.kt:106)
	at org.jetbrains.exposed.sql.transactions.ThreadLocalTransactionManagerKt.transaction(ThreadLocalTransactionManager.kt:104)
	at org.jetbrains.exposed.sql.transactions.ThreadLocalTransactionManagerKt.transaction$default(ThreadLocalTransactionManager.kt:103)
	at com.jacagen.organizer.Db$dbQuery$2.invokeSuspend(Db.kt:36)
	at kotlin.coroutines.jvm.internal.BaseContinuationImpl.resumeWith(ContinuationImpl.kt:33)
	at kotlinx.coroutines.DispatchedTask.run(DispatchedTask.kt:104)
	at kotlinx.coroutines.internal.LimitedDispatcher$Worker.run(LimitedDispatcher.kt:111)
	at kotlinx.coroutines.scheduling.TaskImpl.run(Tasks.kt:99)
	at kotlinx.coroutines.scheduling.CoroutineScheduler.runSafely(CoroutineScheduler.kt:584)
	at kotlinx.coroutines.scheduling.CoroutineScheduler$Worker.executeTask(CoroutineScheduler.kt:811)
	at kotlinx.coroutines.scheduling.CoroutineScheduler$Worker.runWorker(CoroutineScheduler.kt:715)
	at kotlinx.coroutines.scheduling.CoroutineScheduler$Worker.run(CoroutineScheduler.kt:702)
[2024-07-04 10:01:01,718]-[main] INFO  com.zaxxer.hikari.HikariDataSource - HikariPool-1 - Starting...
[2024-07-04 10:01:01,790]-[main] INFO  com.zaxxer.hikari.HikariDataSource - HikariPool-1 - Start completed.
[2024-07-04 10:01:01,938]-[main] INFO  Application - Application started in 0.509 seconds.
[2024-07-04 10:01:02,026]-[main] INFO  Application - Responding at http://0.0.0.0:8080
[2024-07-04 10:01:32,070]-[eventLoopGroupProxy-4-1 @call-handler#4] ERROR io.kvision.remote.KVServiceManager - null
java.lang.NullPointerException: null
	at com.jacagen.organizer.OperationService.toOp(Service.kt:55)
	at com.jacagen.organizer.OperationService.access$toOp(Service.kt:12)
	at com.jacagen.organizer.OperationService$getOp$2.invoke(Service.kt:45)
	at com.jacagen.organizer.OperationService$getOp$2.invoke(Service.kt:42)
	at com.jacagen.organizer.Db$dbQuery$2$1.invoke(Db.kt:37)
	at com.jacagen.organizer.Db$dbQuery$2$1.invoke(Db.kt:36)
	at org.jetbrains.exposed.sql.transactions.ThreadLocalTransactionManagerKt.inTopLevelTransaction$run(ThreadLocalTransactionManager.kt:156)
	at org.jetbrains.exposed.sql.transactions.ThreadLocalTransactionManagerKt.access$inTopLevelTransaction$run(ThreadLocalTransactionManager.kt:1)
	at org.jetbrains.exposed.sql.transactions.ThreadLocalTransactionManagerKt$inTopLevelTransaction$1.invoke(ThreadLocalTransactionManager.kt:197)
	at org.jetbrains.exposed.sql.transactions.ThreadLocalTransactionManagerKt.keepAndRestoreTransactionRefAfterRun(ThreadLocalTransactionManager.kt:205)
	at org.jetbrains.exposed.sql.transactions.ThreadLocalTransactionManagerKt.inTopLevelTransaction(ThreadLocalTransactionManager.kt:196)
	at org.jetbrains.exposed.sql.transactions.ThreadLocalTransactionManagerKt$transaction$1.invoke(ThreadLocalTransactionManager.kt:134)
	at org.jetbrains.exposed.sql.transactions.ThreadLocalTransactionManagerKt.keepAndRestoreTransactionRefAfterRun(ThreadLocalTransactionManager.kt:205)
	at org.jetbrains.exposed.sql.transactions.ThreadLocalTransactionManagerKt.transaction(ThreadLocalTransactionManager.kt:106)
	at org.jetbrains.exposed.sql.transactions.ThreadLocalTransactionManagerKt.transaction(ThreadLocalTransactionManager.kt:104)
	at org.jetbrains.exposed.sql.transactions.ThreadLocalTransactionManagerKt.transaction$default(ThreadLocalTransactionManager.kt:103)
	at com.jacagen.organizer.Db$dbQuery$2.invokeSuspend(Db.kt:36)
	at kotlin.coroutines.jvm.internal.BaseContinuationImpl.resumeWith(ContinuationImpl.kt:33)
	at kotlinx.coroutines.DispatchedTask.run(DispatchedTask.kt:104)
	at kotlinx.coroutines.internal.LimitedDispatcher$Worker.run(LimitedDispatcher.kt:111)
	at kotlinx.coroutines.scheduling.TaskImpl.run(Tasks.kt:99)
	at kotlinx.coroutines.scheduling.CoroutineScheduler.runSafely(CoroutineScheduler.kt:584)
	at kotlinx.coroutines.scheduling.CoroutineScheduler$Worker.executeTask(CoroutineScheduler.kt:811)
	at kotlinx.coroutines.scheduling.CoroutineScheduler$Worker.runWorker(CoroutineScheduler.kt:715)
	at kotlinx.coroutines.scheduling.CoroutineScheduler$Worker.run(CoroutineScheduler.kt:702)
[2024-07-04 10:01:51,281]-[eventLoopGroupProxy-4-2 @call-handler#7] ERROR io.kvision.remote.KVServiceManager - null
java.lang.NullPointerException: null
	at com.jacagen.organizer.OperationService.toOp(Service.kt:55)
	at com.jacagen.organizer.OperationService.access$toOp(Service.kt:12)
	at com.jacagen.organizer.OperationService$getOp$2.invoke(Service.kt:45)
	at com.jacagen.organizer.OperationService$getOp$2.invoke(Service.kt:42)
	at com.jacagen.organizer.Db$dbQuery$2$1.invoke(Db.kt:37)
	at com.jacagen.organizer.Db$dbQuery$2$1.invoke(Db.kt:36)
	at org.jetbrains.exposed.sql.transactions.ThreadLocalTransactionManagerKt.inTopLevelTransaction$run(ThreadLocalTransactionManager.kt:156)
	at org.jetbrains.exposed.sql.transactions.ThreadLocalTransactionManagerKt.access$inTopLevelTransaction$run(ThreadLocalTransactionManager.kt:1)
	at org.jetbrains.exposed.sql.transactions.ThreadLocalTransactionManagerKt$inTopLevelTransaction$1.invoke(ThreadLocalTransactionManager.kt:197)
	at org.jetbrains.exposed.sql.transactions.ThreadLocalTransactionManagerKt.keepAndRestoreTransactionRefAfterRun(ThreadLocalTransactionManager.kt:205)
	at org.jetbrains.exposed.sql.transactions.ThreadLocalTransactionManagerKt.inTopLevelTransaction(ThreadLocalTransactionManager.kt:196)
	at org.jetbrains.exposed.sql.transactions.ThreadLocalTransactionManagerKt$transaction$1.invoke(ThreadLocalTransactionManager.kt:134)
	at org.jetbrains.exposed.sql.transactions.ThreadLocalTransactionManagerKt.keepAndRestoreTransactionRefAfterRun(ThreadLocalTransactionManager.kt:205)
	at org.jetbrains.exposed.sql.transactions.ThreadLocalTransactionManagerKt.transaction(ThreadLocalTransactionManager.kt:106)
	at org.jetbrains.exposed.sql.transactions.ThreadLocalTransactionManagerKt.transaction(ThreadLocalTransactionManager.kt:104)
	at org.jetbrains.exposed.sql.transactions.ThreadLocalTransactionManagerKt.transaction$default(ThreadLocalTransactionManager.kt:103)
	at com.jacagen.organizer.Db$dbQuery$2.invokeSuspend(Db.kt:36)
	at kotlin.coroutines.jvm.internal.BaseContinuationImpl.resumeWith(ContinuationImpl.kt:33)
	at kotlinx.coroutines.DispatchedTask.run(DispatchedTask.kt:104)
	at kotlinx.coroutines.internal.LimitedDispatcher$Worker.run(LimitedDispatcher.kt:111)
	at kotlinx.coroutines.scheduling.TaskImpl.run(Tasks.kt:99)
	at kotlinx.coroutines.scheduling.CoroutineScheduler.runSafely(CoroutineScheduler.kt:584)
	at kotlinx.coroutines.scheduling.CoroutineScheduler$Worker.executeTask(CoroutineScheduler.kt:811)
	at kotlinx.coroutines.scheduling.CoroutineScheduler$Worker.runWorker(CoroutineScheduler.kt:715)
	at kotlinx.coroutines.scheduling.CoroutineScheduler$Worker.run(CoroutineScheduler.kt:702)
[2024-07-04 10:01:51,830]-[eventLoopGroupProxy-4-3 @call-handler#10] ERROR io.kvision.remote.KVServiceManager - null
java.lang.NullPointerException: null
	at com.jacagen.organizer.OperationService.toOp(Service.kt:55)
	at com.jacagen.organizer.OperationService.access$toOp(Service.kt:12)
	at com.jacagen.organizer.OperationService$getOp$2.invoke(Service.kt:45)
	at com.jacagen.organizer.OperationService$getOp$2.invoke(Service.kt:42)
	at com.jacagen.organizer.Db$dbQuery$2$1.invoke(Db.kt:37)
	at com.jacagen.organizer.Db$dbQuery$2$1.invoke(Db.kt:36)
	at org.jetbrains.exposed.sql.transactions.ThreadLocalTransactionManagerKt.inTopLevelTransaction$run(ThreadLocalTransactionManager.kt:156)
	at org.jetbrains.exposed.sql.transactions.ThreadLocalTransactionManagerKt.access$inTopLevelTransaction$run(ThreadLocalTransactionManager.kt:1)
	at org.jetbrains.exposed.sql.transactions.ThreadLocalTransactionManagerKt$inTopLevelTransaction$1.invoke(ThreadLocalTransactionManager.kt:197)
	at org.jetbrains.exposed.sql.transactions.ThreadLocalTransactionManagerKt.keepAndRestoreTransactionRefAfterRun(ThreadLocalTransactionManager.kt:205)
	at org.jetbrains.exposed.sql.transactions.ThreadLocalTransactionManagerKt.inTopLevelTransaction(ThreadLocalTransactionManager.kt:196)
	at org.jetbrains.exposed.sql.transactions.ThreadLocalTransactionManagerKt$transaction$1.invoke(ThreadLocalTransactionManager.kt:134)
	at org.jetbrains.exposed.sql.transactions.ThreadLocalTransactionManagerKt.keepAndRestoreTransactionRefAfterRun(ThreadLocalTransactionManager.kt:205)
	at org.jetbrains.exposed.sql.transactions.ThreadLocalTransactionManagerKt.transaction(ThreadLocalTransactionManager.kt:106)
	at org.jetbrains.exposed.sql.transactions.ThreadLocalTransactionManagerKt.transaction(ThreadLocalTransactionManager.kt:104)
	at org.jetbrains.exposed.sql.transactions.ThreadLocalTransactionManagerKt.transaction$default(ThreadLocalTransactionManager.kt:103)
	at com.jacagen.organizer.Db$dbQuery$2.invokeSuspend(Db.kt:36)
	at kotlin.coroutines.jvm.internal.BaseContinuationImpl.resumeWith(ContinuationImpl.kt:33)
	at kotlinx.coroutines.DispatchedTask.run(DispatchedTask.kt:104)
	at kotlinx.coroutines.internal.LimitedDispatcher$Worker.run(LimitedDispatcher.kt:111)
	at kotlinx.coroutines.scheduling.TaskImpl.run(Tasks.kt:99)
	at kotlinx.coroutines.scheduling.CoroutineScheduler.runSafely(CoroutineScheduler.kt:584)
	at kotlinx.coroutines.scheduling.CoroutineScheduler$Worker.executeTask(CoroutineScheduler.kt:811)
	at kotlinx.coroutines.scheduling.CoroutineScheduler$Worker.runWorker(CoroutineScheduler.kt:715)
	at kotlinx.coroutines.scheduling.CoroutineScheduler$Worker.run(CoroutineScheduler.kt:702)
[2024-07-04 10:01:52,813]-[eventLoopGroupProxy-4-4 @call-handler#13] ERROR io.kvision.remote.KVServiceManager - null
java.lang.NullPointerException: null
	at com.jacagen.organizer.OperationService.toOp(Service.kt:55)
	at com.jacagen.organizer.OperationService.access$toOp(Service.kt:12)
	at com.jacagen.organizer.OperationService$getOp$2.invoke(Service.kt:45)
	at com.jacagen.organizer.OperationService$getOp$2.invoke(Service.kt:42)
	at com.jacagen.organizer.Db$dbQuery$2$1.invoke(Db.kt:37)
	at com.jacagen.organizer.Db$dbQuery$2$1.invoke(Db.kt:36)
	at org.jetbrains.exposed.sql.transactions.ThreadLocalTransactionManagerKt.inTopLevelTransaction$run(ThreadLocalTransactionManager.kt:156)
	at org.jetbrains.exposed.sql.transactions.ThreadLocalTransactionManagerKt.access$inTopLevelTransaction$run(ThreadLocalTransactionManager.kt:1)
	at org.jetbrains.exposed.sql.transactions.ThreadLocalTransactionManagerKt$inTopLevelTransaction$1.invoke(ThreadLocalTransactionManager.kt:197)
	at org.jetbrains.exposed.sql.transactions.ThreadLocalTransactionManagerKt.keepAndRestoreTransactionRefAfterRun(ThreadLocalTransactionManager.kt:205)
	at org.jetbrains.exposed.sql.transactions.ThreadLocalTransactionManagerKt.inTopLevelTransaction(ThreadLocalTransactionManager.kt:196)
	at org.jetbrains.exposed.sql.transactions.ThreadLocalTransactionManagerKt$transaction$1.invoke(ThreadLocalTransactionManager.kt:134)
	at org.jetbrains.exposed.sql.transactions.ThreadLocalTransactionManagerKt.keepAndRestoreTransactionRefAfterRun(ThreadLocalTransactionManager.kt:205)
	at org.jetbrains.exposed.sql.transactions.ThreadLocalTransactionManagerKt.transaction(ThreadLocalTransactionManager.kt:106)
	at org.jetbrains.exposed.sql.transactions.ThreadLocalTransactionManagerKt.transaction(ThreadLocalTransactionManager.kt:104)
	at org.jetbrains.exposed.sql.transactions.ThreadLocalTransactionManagerKt.transaction$default(ThreadLocalTransactionManager.kt:103)
	at com.jacagen.organizer.Db$dbQuery$2.invokeSuspend(Db.kt:36)
	at kotlin.coroutines.jvm.internal.BaseContinuationImpl.resumeWith(ContinuationImpl.kt:33)
	at kotlinx.coroutines.DispatchedTask.run(DispatchedTask.kt:104)
	at kotlinx.coroutines.internal.LimitedDispatcher$Worker.run(LimitedDispatcher.kt:111)
	at kotlinx.coroutines.scheduling.TaskImpl.run(Tasks.kt:99)
	at kotlinx.coroutines.scheduling.CoroutineScheduler.runSafely(CoroutineScheduler.kt:584)
	at kotlinx.coroutines.scheduling.CoroutineScheduler$Worker.executeTask(CoroutineScheduler.kt:811)
	at kotlinx.coroutines.scheduling.CoroutineScheduler$Worker.runWorker(CoroutineScheduler.kt:715)
	at kotlinx.coroutines.scheduling.CoroutineScheduler$Worker.run(CoroutineScheduler.kt:702)
[2024-07-04 10:02:16,326]-[eventLoopGroupProxy-4-5 @call-handler#16] ERROR io.kvision.remote.KVServiceManager - null
java.lang.NullPointerException: null
	at com.jacagen.organizer.OperationService.toOp(Service.kt:55)
	at com.jacagen.organizer.OperationService.access$toOp(Service.kt:12)
	at com.jacagen.organizer.OperationService$getOp$2.invoke(Service.kt:45)
	at com.jacagen.organizer.OperationService$getOp$2.invoke(Service.kt:42)
	at com.jacagen.organizer.Db$dbQuery$2$1.invoke(Db.kt:37)
	at com.jacagen.organizer.Db$dbQuery$2$1.invoke(Db.kt:36)
	at org.jetbrains.exposed.sql.transactions.ThreadLocalTransactionManagerKt.inTopLevelTransaction$run(ThreadLocalTransactionManager.kt:156)
	at org.jetbrains.exposed.sql.transactions.ThreadLocalTransactionManagerKt.access$inTopLevelTransaction$run(ThreadLocalTransactionManager.kt:1)
	at org.jetbrains.exposed.sql.transactions.ThreadLocalTransactionManagerKt$inTopLevelTransaction$1.invoke(ThreadLocalTransactionManager.kt:197)
	at org.jetbrains.exposed.sql.transactions.ThreadLocalTransactionManagerKt.keepAndRestoreTransactionRefAfterRun(ThreadLocalTransactionManager.kt:205)
	at org.jetbrains.exposed.sql.transactions.ThreadLocalTransactionManagerKt.inTopLevelTransaction(ThreadLocalTransactionManager.kt:196)
	at org.jetbrains.exposed.sql.transactions.ThreadLocalTransactionManagerKt$transaction$1.invoke(ThreadLocalTransactionManager.kt:134)
	at org.jetbrains.exposed.sql.transactions.ThreadLocalTransactionManagerKt.keepAndRestoreTransactionRefAfterRun(ThreadLocalTransactionManager.kt:205)
	at org.jetbrains.exposed.sql.transactions.ThreadLocalTransactionManagerKt.transaction(ThreadLocalTransactionManager.kt:106)
	at org.jetbrains.exposed.sql.transactions.ThreadLocalTransactionManagerKt.transaction(ThreadLocalTransactionManager.kt:104)
	at org.jetbrains.exposed.sql.transactions.ThreadLocalTransactionManagerKt.transaction$default(ThreadLocalTransactionManager.kt:103)
	at com.jacagen.organizer.Db$dbQuery$2.invokeSuspend(Db.kt:36)
	at kotlin.coroutines.jvm.internal.BaseContinuationImpl.resumeWith(ContinuationImpl.kt:33)
	at kotlinx.coroutines.DispatchedTask.run(DispatchedTask.kt:104)
	at kotlinx.coroutines.internal.LimitedDispatcher$Worker.run(LimitedDispatcher.kt:111)
	at kotlinx.coroutines.scheduling.TaskImpl.run(Tasks.kt:99)
	at kotlinx.coroutines.scheduling.CoroutineScheduler.runSafely(CoroutineScheduler.kt:584)
	at kotlinx.coroutines.scheduling.CoroutineScheduler$Worker.executeTask(CoroutineScheduler.kt:811)
	at kotlinx.coroutines.scheduling.CoroutineScheduler$Worker.runWorker(CoroutineScheduler.kt:715)
	at kotlinx.coroutines.scheduling.CoroutineScheduler$Worker.run(CoroutineScheduler.kt:702)
[2024-07-04 10:03:20,020]-[eventLoopGroupProxy-4-6 @call-handler#19] ERROR io.kvision.remote.KVServiceManager - null
java.lang.NullPointerException: null
	at com.jacagen.organizer.OperationService.toOp(Service.kt:55)
	at com.jacagen.organizer.OperationService.access$toOp(Service.kt:12)
	at com.jacagen.organizer.OperationService$getOp$2.invoke(Service.kt:45)
	at com.jacagen.organizer.OperationService$getOp$2.invoke(Service.kt:42)
	at com.jacagen.organizer.Db$dbQuery$2$1.invoke(Db.kt:37)
	at com.jacagen.organizer.Db$dbQuery$2$1.invoke(Db.kt:36)
	at org.jetbrains.exposed.sql.transactions.ThreadLocalTransactionManagerKt.inTopLevelTransaction$run(ThreadLocalTransactionManager.kt:156)
	at org.jetbrains.exposed.sql.transactions.ThreadLocalTransactionManagerKt.access$inTopLevelTransaction$run(ThreadLocalTransactionManager.kt:1)
	at org.jetbrains.exposed.sql.transactions.ThreadLocalTransactionManagerKt$inTopLevelTransaction$1.invoke(ThreadLocalTransactionManager.kt:197)
	at org.jetbrains.exposed.sql.transactions.ThreadLocalTransactionManagerKt.keepAndRestoreTransactionRefAfterRun(ThreadLocalTransactionManager.kt:205)
	at org.jetbrains.exposed.sql.transactions.ThreadLocalTransactionManagerKt.inTopLevelTransaction(ThreadLocalTransactionManager.kt:196)
	at org.jetbrains.exposed.sql.transactions.ThreadLocalTransactionManagerKt$transaction$1.invoke(ThreadLocalTransactionManager.kt:134)
	at org.jetbrains.exposed.sql.transactions.ThreadLocalTransactionManagerKt.keepAndRestoreTransactionRefAfterRun(ThreadLocalTransactionManager.kt:205)
	at org.jetbrains.exposed.sql.transactions.ThreadLocalTransactionManagerKt.transaction(ThreadLocalTransactionManager.kt:106)
	at org.jetbrains.exposed.sql.transactions.ThreadLocalTransactionManagerKt.transaction(ThreadLocalTransactionManager.kt:104)
	at org.jetbrains.exposed.sql.transactions.ThreadLocalTransactionManagerKt.transaction$default(ThreadLocalTransactionManager.kt:103)
	at com.jacagen.organizer.Db$dbQuery$2.invokeSuspend(Db.kt:36)
	at kotlin.coroutines.jvm.internal.BaseContinuationImpl.resumeWith(ContinuationImpl.kt:33)
	at kotlinx.coroutines.DispatchedTask.run(DispatchedTask.kt:104)
	at kotlinx.coroutines.internal.LimitedDispatcher$Worker.run(LimitedDispatcher.kt:111)
	at kotlinx.coroutines.scheduling.TaskImpl.run(Tasks.kt:99)
	at kotlinx.coroutines.scheduling.CoroutineScheduler.runSafely(CoroutineScheduler.kt:584)
	at kotlinx.coroutines.scheduling.CoroutineScheduler$Worker.executeTask(CoroutineScheduler.kt:811)
	at kotlinx.coroutines.scheduling.CoroutineScheduler$Worker.runWorker(CoroutineScheduler.kt:715)
	at kotlinx.coroutines.scheduling.CoroutineScheduler$Worker.run(CoroutineScheduler.kt:702)
[2024-07-04 10:04:35,339]-[eventLoopGroupProxy-4-7 @call-handler#22] ERROR io.kvision.remote.KVServiceManager - null
java.lang.NullPointerException: null
	at com.jacagen.organizer.OperationService.toOp(Service.kt:55)
	at com.jacagen.organizer.OperationService.access$toOp(Service.kt:12)
	at com.jacagen.organizer.OperationService$getOp$2.invoke(Service.kt:45)
	at com.jacagen.organizer.OperationService$getOp$2.invoke(Service.kt:42)
	at com.jacagen.organizer.Db$dbQuery$2$1.invoke(Db.kt:37)
	at com.jacagen.organizer.Db$dbQuery$2$1.invoke(Db.kt:36)
	at org.jetbrains.exposed.sql.transactions.ThreadLocalTransactionManagerKt.inTopLevelTransaction$run(ThreadLocalTransactionManager.kt:156)
	at org.jetbrains.exposed.sql.transactions.ThreadLocalTransactionManagerKt.access$inTopLevelTransaction$run(ThreadLocalTransactionManager.kt:1)
	at org.jetbrains.exposed.sql.transactions.ThreadLocalTransactionManagerKt$inTopLevelTransaction$1.invoke(ThreadLocalTransactionManager.kt:197)
	at org.jetbrains.exposed.sql.transactions.ThreadLocalTransactionManagerKt.keepAndRestoreTransactionRefAfterRun(ThreadLocalTransactionManager.kt:205)
	at org.jetbrains.exposed.sql.transactions.ThreadLocalTransactionManagerKt.inTopLevelTransaction(ThreadLocalTransactionManager.kt:196)
	at org.jetbrains.exposed.sql.transactions.ThreadLocalTransactionManagerKt$transaction$1.invoke(ThreadLocalTransactionManager.kt:134)
	at org.jetbrains.exposed.sql.transactions.ThreadLocalTransactionManagerKt.keepAndRestoreTransactionRefAfterRun(ThreadLocalTransactionManager.kt:205)
	at org.jetbrains.exposed.sql.transactions.ThreadLocalTransactionManagerKt.transaction(ThreadLocalTransactionManager.kt:106)
	at org.jetbrains.exposed.sql.transactions.ThreadLocalTransactionManagerKt.transaction(ThreadLocalTransactionManager.kt:104)
	at org.jetbrains.exposed.sql.transactions.ThreadLocalTransactionManagerKt.transaction$default(ThreadLocalTransactionManager.kt:103)
	at com.jacagen.organizer.Db$dbQuery$2.invokeSuspend(Db.kt:36)
	at kotlin.coroutines.jvm.internal.BaseContinuationImpl.resumeWith(ContinuationImpl.kt:33)
	at kotlinx.coroutines.DispatchedTask.run(DispatchedTask.kt:104)
	at kotlinx.coroutines.internal.LimitedDispatcher$Worker.run(LimitedDispatcher.kt:111)
	at kotlinx.coroutines.scheduling.TaskImpl.run(Tasks.kt:99)
	at kotlinx.coroutines.scheduling.CoroutineScheduler.runSafely(CoroutineScheduler.kt:584)
	at kotlinx.coroutines.scheduling.CoroutineScheduler$Worker.executeTask(CoroutineScheduler.kt:811)
	at kotlinx.coroutines.scheduling.CoroutineScheduler$Worker.runWorker(CoroutineScheduler.kt:715)
	at kotlinx.coroutines.scheduling.CoroutineScheduler$Worker.run(CoroutineScheduler.kt:702)
[2024-07-04 10:05:22,639]-[HikariPool-1 housekeeper] WARN  com.zaxxer.hikari.pool.HikariPool - HikariPool-1 - Thread starvation or clock leap detected (housekeeper delta=50s718ms).
[2024-07-04 10:05:24,691]-[eventLoopGroupProxy-4-8 @call-handler#25] ERROR io.kvision.remote.KVServiceManager - null
java.lang.NullPointerException: null
	at com.jacagen.organizer.OperationService.toOp(Service.kt:55)
	at com.jacagen.organizer.OperationService.access$toOp(Service.kt:12)
	at com.jacagen.organizer.OperationService$getOp$2.invoke(Service.kt:45)
	at com.jacagen.organizer.OperationService$getOp$2.invoke(Service.kt:42)
	at com.jacagen.organizer.Db$dbQuery$2$1.invoke(Db.kt:37)
	at com.jacagen.organizer.Db$dbQuery$2$1.invoke(Db.kt:36)
	at org.jetbrains.exposed.sql.transactions.ThreadLocalTransactionManagerKt.inTopLevelTransaction$run(ThreadLocalTransactionManager.kt:156)
	at org.jetbrains.exposed.sql.transactions.ThreadLocalTransactionManagerKt.access$inTopLevelTransaction$run(ThreadLocalTransactionManager.kt:1)
	at org.jetbrains.exposed.sql.transactions.ThreadLocalTransactionManagerKt$inTopLevelTransaction$1.invoke(ThreadLocalTransactionManager.kt:197)
	at org.jetbrains.exposed.sql.transactions.ThreadLocalTransactionManagerKt.keepAndRestoreTransactionRefAfterRun(ThreadLocalTransactionManager.kt:205)
	at org.jetbrains.exposed.sql.transactions.ThreadLocalTransactionManagerKt.inTopLevelTransaction(ThreadLocalTransactionManager.kt:196)
	at org.jetbrains.exposed.sql.transactions.ThreadLocalTransactionManagerKt$transaction$1.invoke(ThreadLocalTransactionManager.kt:134)
	at org.jetbrains.exposed.sql.transactions.ThreadLocalTransactionManagerKt.keepAndRestoreTransactionRefAfterRun(ThreadLocalTransactionManager.kt:205)
	at org.jetbrains.exposed.sql.transactions.ThreadLocalTransactionManagerKt.transaction(ThreadLocalTransactionManager.kt:106)
	at org.jetbrains.exposed.sql.transactions.ThreadLocalTransactionManagerKt.transaction(ThreadLocalTransactionManager.kt:104)
	at org.jetbrains.exposed.sql.transactions.ThreadLocalTransactionManagerKt.transaction$default(ThreadLocalTransactionManager.kt:103)
	at com.jacagen.organizer.Db$dbQuery$2.invokeSuspend(Db.kt:36)
	at kotlin.coroutines.jvm.internal.BaseContinuationImpl.resumeWith(ContinuationImpl.kt:33)
	at kotlinx.coroutines.DispatchedTask.run(DispatchedTask.kt:104)
	at kotlinx.coroutines.internal.LimitedDispatcher$Worker.run(LimitedDispatcher.kt:111)
	at kotlinx.coroutines.scheduling.TaskImpl.run(Tasks.kt:99)
	at kotlinx.coroutines.scheduling.CoroutineScheduler.runSafely(CoroutineScheduler.kt:584)
	at kotlinx.coroutines.scheduling.CoroutineScheduler$Worker.executeTask(CoroutineScheduler.kt:811)
	at kotlinx.coroutines.scheduling.CoroutineScheduler$Worker.runWorker(CoroutineScheduler.kt:715)
	at kotlinx.coroutines.scheduling.CoroutineScheduler$Worker.run(CoroutineScheduler.kt:702)
[2024-07-04 10:06:00,389]-[eventLoopGroupProxy-4-9 @call-handler#28] ERROR io.kvision.remote.KVServiceManager - null
java.lang.NullPointerException: null
	at com.jacagen.organizer.OperationService.toOp(Service.kt:55)
	at com.jacagen.organizer.OperationService.access$toOp(Service.kt:12)
	at com.jacagen.organizer.OperationService$getOp$2.invoke(Service.kt:45)
	at com.jacagen.organizer.OperationService$getOp$2.invoke(Service.kt:42)
	at com.jacagen.organizer.Db$dbQuery$2$1.invoke(Db.kt:37)
	at com.jacagen.organizer.Db$dbQuery$2$1.invoke(Db.kt:36)
	at org.jetbrains.exposed.sql.transactions.ThreadLocalTransactionManagerKt.inTopLevelTransaction$run(ThreadLocalTransactionManager.kt:156)
	at org.jetbrains.exposed.sql.transactions.ThreadLocalTransactionManagerKt.access$inTopLevelTransaction$run(ThreadLocalTransactionManager.kt:1)
	at org.jetbrains.exposed.sql.transactions.ThreadLocalTransactionManagerKt$inTopLevelTransaction$1.invoke(ThreadLocalTransactionManager.kt:197)
	at org.jetbrains.exposed.sql.transactions.ThreadLocalTransactionManagerKt.keepAndRestoreTransactionRefAfterRun(ThreadLocalTransactionManager.kt:205)
	at org.jetbrains.exposed.sql.transactions.ThreadLocalTransactionManagerKt.inTopLevelTransaction(ThreadLocalTransactionManager.kt:196)
	at org.jetbrains.exposed.sql.transactions.ThreadLocalTransactionManagerKt$transaction$1.invoke(ThreadLocalTransactionManager.kt:134)
	at org.jetbrains.exposed.sql.transactions.ThreadLocalTransactionManagerKt.keepAndRestoreTransactionRefAfterRun(ThreadLocalTransactionManager.kt:205)
	at org.jetbrains.exposed.sql.transactions.ThreadLocalTransactionManagerKt.transaction(ThreadLocalTransactionManager.kt:106)
	at org.jetbrains.exposed.sql.transactions.ThreadLocalTransactionManagerKt.transaction(ThreadLocalTransactionManager.kt:104)
	at org.jetbrains.exposed.sql.transactions.ThreadLocalTransactionManagerKt.transaction$default(ThreadLocalTransactionManager.kt:103)
	at com.jacagen.organizer.Db$dbQuery$2.invokeSuspend(Db.kt:36)
	at kotlin.coroutines.jvm.internal.BaseContinuationImpl.resumeWith(ContinuationImpl.kt:33)
	at kotlinx.coroutines.DispatchedTask.run(DispatchedTask.kt:104)
	at kotlinx.coroutines.internal.LimitedDispatcher$Worker.run(LimitedDispatcher.kt:111)
	at kotlinx.coroutines.scheduling.TaskImpl.run(Tasks.kt:99)
	at kotlinx.coroutines.scheduling.CoroutineScheduler.runSafely(CoroutineScheduler.kt:584)
	at kotlinx.coroutines.scheduling.CoroutineScheduler$Worker.executeTask(CoroutineScheduler.kt:811)
	at kotlinx.coroutines.scheduling.CoroutineScheduler$Worker.runWorker(CoroutineScheduler.kt:715)
	at kotlinx.coroutines.scheduling.CoroutineScheduler$Worker.run(CoroutineScheduler.kt:702)
[2024-07-04 10:09:34,914]-[eventLoopGroupProxy-4-10 @call-handler#31] ERROR io.kvision.remote.KVServiceManager - null
java.lang.NullPointerException: null
	at com.jacagen.organizer.OperationService.toOp(Service.kt:55)
	at com.jacagen.organizer.OperationService.access$toOp(Service.kt:12)
	at com.jacagen.organizer.OperationService$getOp$2.invoke(Service.kt:45)
	at com.jacagen.organizer.OperationService$getOp$2.invoke(Service.kt:42)
	at com.jacagen.organizer.Db$dbQuery$2$1.invoke(Db.kt:37)
	at com.jacagen.organizer.Db$dbQuery$2$1.invoke(Db.kt:36)
	at org.jetbrains.exposed.sql.transactions.ThreadLocalTransactionManagerKt.inTopLevelTransaction$run(ThreadLocalTransactionManager.kt:156)
	at org.jetbrains.exposed.sql.transactions.ThreadLocalTransactionManagerKt.access$inTopLevelTransaction$run(ThreadLocalTransactionManager.kt:1)
	at org.jetbrains.exposed.sql.transactions.ThreadLocalTransactionManagerKt$inTopLevelTransaction$1.invoke(ThreadLocalTransactionManager.kt:197)
	at org.jetbrains.exposed.sql.transactions.ThreadLocalTransactionManagerKt.keepAndRestoreTransactionRefAfterRun(ThreadLocalTransactionManager.kt:205)
	at org.jetbrains.exposed.sql.transactions.ThreadLocalTransactionManagerKt.inTopLevelTransaction(ThreadLocalTransactionManager.kt:196)
	at org.jetbrains.exposed.sql.transactions.ThreadLocalTransactionManagerKt$transaction$1.invoke(ThreadLocalTransactionManager.kt:134)
	at org.jetbrains.exposed.sql.transactions.ThreadLocalTransactionManagerKt.keepAndRestoreTransactionRefAfterRun(ThreadLocalTransactionManager.kt:205)
	at org.jetbrains.exposed.sql.transactions.ThreadLocalTransactionManagerKt.transaction(ThreadLocalTransactionManager.kt:106)
	at org.jetbrains.exposed.sql.transactions.ThreadLocalTransactionManagerKt.transaction(ThreadLocalTransactionManager.kt:104)
	at org.jetbrains.exposed.sql.transactions.ThreadLocalTransactionManagerKt.transaction$default(ThreadLocalTransactionManager.kt:103)
	at com.jacagen.organizer.Db$dbQuery$2.invokeSuspend(Db.kt:36)
	at kotlin.coroutines.jvm.internal.BaseContinuationImpl.resumeWith(ContinuationImpl.kt:33)
	at kotlinx.coroutines.DispatchedTask.run(DispatchedTask.kt:104)
	at kotlinx.coroutines.internal.LimitedDispatcher$Worker.run(LimitedDispatcher.kt:111)
	at kotlinx.coroutines.scheduling.TaskImpl.run(Tasks.kt:99)
	at kotlinx.coroutines.scheduling.CoroutineScheduler.runSafely(CoroutineScheduler.kt:584)
	at kotlinx.coroutines.scheduling.CoroutineScheduler$Worker.executeTask(CoroutineScheduler.kt:811)
	at kotlinx.coroutines.scheduling.CoroutineScheduler$Worker.runWorker(CoroutineScheduler.kt:715)
	at kotlinx.coroutines.scheduling.CoroutineScheduler$Worker.run(CoroutineScheduler.kt:702)
[2024-07-04 10:11:26,771]-[main] INFO  com.zaxxer.hikari.HikariDataSource - HikariPool-1 - Starting...
[2024-07-04 10:11:26,841]-[main] INFO  com.zaxxer.hikari.HikariDataSource - HikariPool-1 - Start completed.
[2024-07-04 10:11:26,984]-[main] INFO  Application - Application started in 0.492 seconds.
[2024-07-04 10:11:27,072]-[main] INFO  Application - Responding at http://0.0.0.0:8080
[2024-07-04 10:14:31,151]-[main] INFO  com.zaxxer.hikari.HikariDataSource - HikariPool-1 - Starting...
[2024-07-04 10:14:31,221]-[main] INFO  com.zaxxer.hikari.HikariDataSource - HikariPool-1 - Start completed.
[2024-07-04 10:14:31,365]-[main] INFO  Application - Application started in 0.503 seconds.
[2024-07-04 10:14:31,454]-[main] INFO  Application - Responding at http://0.0.0.0:8080
[2024-07-04 10:15:14,232]-[eventLoopGroupProxy-4-1 @call-handler#4] ERROR io.kvision.remote.KVServiceManager - null
java.lang.NullPointerException: null
	at com.jacagen.organizer.OperationService.toOp(Service.kt:55)
	at com.jacagen.organizer.OperationService.access$toOp(Service.kt:12)
	at com.jacagen.organizer.OperationService$getOp$2.invoke(Service.kt:45)
	at com.jacagen.organizer.OperationService$getOp$2.invoke(Service.kt:42)
	at com.jacagen.organizer.Db$dbQuery$2$1.invoke(Db.kt:37)
	at com.jacagen.organizer.Db$dbQuery$2$1.invoke(Db.kt:36)
	at org.jetbrains.exposed.sql.transactions.ThreadLocalTransactionManagerKt.inTopLevelTransaction$run(ThreadLocalTransactionManager.kt:156)
	at org.jetbrains.exposed.sql.transactions.ThreadLocalTransactionManagerKt.access$inTopLevelTransaction$run(ThreadLocalTransactionManager.kt:1)
	at org.jetbrains.exposed.sql.transactions.ThreadLocalTransactionManagerKt$inTopLevelTransaction$1.invoke(ThreadLocalTransactionManager.kt:197)
	at org.jetbrains.exposed.sql.transactions.ThreadLocalTransactionManagerKt.keepAndRestoreTransactionRefAfterRun(ThreadLocalTransactionManager.kt:205)
	at org.jetbrains.exposed.sql.transactions.ThreadLocalTransactionManagerKt.inTopLevelTransaction(ThreadLocalTransactionManager.kt:196)
	at org.jetbrains.exposed.sql.transactions.ThreadLocalTransactionManagerKt$transaction$1.invoke(ThreadLocalTransactionManager.kt:134)
	at org.jetbrains.exposed.sql.transactions.ThreadLocalTransactionManagerKt.keepAndRestoreTransactionRefAfterRun(ThreadLocalTransactionManager.kt:205)
	at org.jetbrains.exposed.sql.transactions.ThreadLocalTransactionManagerKt.transaction(ThreadLocalTransactionManager.kt:106)
	at org.jetbrains.exposed.sql.transactions.ThreadLocalTransactionManagerKt.transaction(ThreadLocalTransactionManager.kt:104)
	at org.jetbrains.exposed.sql.transactions.ThreadLocalTransactionManagerKt.transaction$default(ThreadLocalTransactionManager.kt:103)
	at com.jacagen.organizer.Db$dbQuery$2.invokeSuspend(Db.kt:36)
	at kotlin.coroutines.jvm.internal.BaseContinuationImpl.resumeWith(ContinuationImpl.kt:33)
	at kotlinx.coroutines.DispatchedTask.run(DispatchedTask.kt:104)
	at kotlinx.coroutines.internal.LimitedDispatcher$Worker.run(LimitedDispatcher.kt:111)
	at kotlinx.coroutines.scheduling.TaskImpl.run(Tasks.kt:99)
	at kotlinx.coroutines.scheduling.CoroutineScheduler.runSafely(CoroutineScheduler.kt:584)
	at kotlinx.coroutines.scheduling.CoroutineScheduler$Worker.executeTask(CoroutineScheduler.kt:811)
	at kotlinx.coroutines.scheduling.CoroutineScheduler$Worker.runWorker(CoroutineScheduler.kt:715)
	at kotlinx.coroutines.scheduling.CoroutineScheduler$Worker.run(CoroutineScheduler.kt:702)
[2024-07-04 10:17:19,730]-[main] INFO  com.zaxxer.hikari.HikariDataSource - HikariPool-1 - Starting...
[2024-07-04 10:17:19,806]-[main] INFO  com.zaxxer.hikari.HikariDataSource - HikariPool-1 - Start completed.
[2024-07-04 10:17:19,950]-[main] INFO  Application - Application started in 0.509 seconds.
[2024-07-04 10:17:20,042]-[main] INFO  Application - Responding at http://0.0.0.0:8080
[2024-07-04 10:39:50,334]-[main] ERROR com.zaxxer.hikari.HikariConfig - Failed to load driver class org.postgresql.Driver from HikariConfig class classloader jdk.internal.loader.ClassLoaders$AppClassLoader@251a69d7
[2024-07-04 10:44:34,598]-[main] INFO  com.zaxxer.hikari.HikariDataSource - HikariPool-1 - Starting...
[2024-07-04 10:44:34,679]-[main] INFO  com.zaxxer.hikari.HikariDataSource - HikariPool-1 - Start completed.
[2024-07-04 10:44:34,885]-[main] INFO  Application - Application started in 0.632 seconds.
[2024-07-04 10:44:34,992]-[main] INFO  Application - Responding at http://0.0.0.0:8080
[2024-07-04 10:44:50,804]-[eventLoopGroupProxy-4-1 @call-handler#4] ERROR io.kvision.remote.KVServiceManager - null
java.lang.NullPointerException: null
	at com.jacagen.organizer.OperationService.toOp(Service.kt:55)
	at com.jacagen.organizer.OperationService.access$toOp(Service.kt:12)
	at com.jacagen.organizer.OperationService$getOp$2.invoke(Service.kt:45)
	at com.jacagen.organizer.OperationService$getOp$2.invoke(Service.kt:42)
	at com.jacagen.organizer.Db$dbQuery$2$1.invoke(Db.kt:37)
	at com.jacagen.organizer.Db$dbQuery$2$1.invoke(Db.kt:36)
	at org.jetbrains.exposed.sql.transactions.ThreadLocalTransactionManagerKt.inTopLevelTransaction$run(ThreadLocalTransactionManager.kt:156)
	at org.jetbrains.exposed.sql.transactions.ThreadLocalTransactionManagerKt.access$inTopLevelTransaction$run(ThreadLocalTransactionManager.kt:1)
	at org.jetbrains.exposed.sql.transactions.ThreadLocalTransactionManagerKt$inTopLevelTransaction$1.invoke(ThreadLocalTransactionManager.kt:197)
	at org.jetbrains.exposed.sql.transactions.ThreadLocalTransactionManagerKt.keepAndRestoreTransactionRefAfterRun(ThreadLocalTransactionManager.kt:205)
	at org.jetbrains.exposed.sql.transactions.ThreadLocalTransactionManagerKt.inTopLevelTransaction(ThreadLocalTransactionManager.kt:196)
	at org.jetbrains.exposed.sql.transactions.ThreadLocalTransactionManagerKt$transaction$1.invoke(ThreadLocalTransactionManager.kt:134)
	at org.jetbrains.exposed.sql.transactions.ThreadLocalTransactionManagerKt.keepAndRestoreTransactionRefAfterRun(ThreadLocalTransactionManager.kt:205)
	at org.jetbrains.exposed.sql.transactions.ThreadLocalTransactionManagerKt.transaction(ThreadLocalTransactionManager.kt:106)
	at org.jetbrains.exposed.sql.transactions.ThreadLocalTransactionManagerKt.transaction(ThreadLocalTransactionManager.kt:104)
	at org.jetbrains.exposed.sql.transactions.ThreadLocalTransactionManagerKt.transaction$default(ThreadLocalTransactionManager.kt:103)
	at com.jacagen.organizer.Db$dbQuery$2.invokeSuspend(Db.kt:36)
	at kotlin.coroutines.jvm.internal.BaseContinuationImpl.resumeWith(ContinuationImpl.kt:33)
	at kotlinx.coroutines.DispatchedTask.run(DispatchedTask.kt:104)
	at kotlinx.coroutines.internal.LimitedDispatcher$Worker.run(LimitedDispatcher.kt:111)
	at kotlinx.coroutines.scheduling.TaskImpl.run(Tasks.kt:99)
	at kotlinx.coroutines.scheduling.CoroutineScheduler.runSafely(CoroutineScheduler.kt:584)
	at kotlinx.coroutines.scheduling.CoroutineScheduler$Worker.executeTask(CoroutineScheduler.kt:811)
	at kotlinx.coroutines.scheduling.CoroutineScheduler$Worker.runWorker(CoroutineScheduler.kt:715)
	at kotlinx.coroutines.scheduling.CoroutineScheduler$Worker.run(CoroutineScheduler.kt:702)
[2024-07-04 10:48:58,200]-[main] INFO  com.zaxxer.hikari.HikariDataSource - HikariPool-1 - Starting...
[2024-07-04 10:48:58,282]-[main] INFO  com.zaxxer.hikari.HikariDataSource - HikariPool-1 - Start completed.
[2024-07-04 10:48:58,456]-[main] INFO  Application - Application started in 0.568 seconds.
[2024-07-04 10:48:58,538]-[main] INFO  Application - Responding at http://0.0.0.0:8080
[2024-07-04 11:09:05,312]-[HikariPool-1 housekeeper] WARN  com.zaxxer.hikari.pool.HikariPool - HikariPool-1 - Thread starvation or clock leap detected (housekeeper delta=9m6s798ms).
[2024-07-04 11:18:27,085]-[HikariPool-1 housekeeper] WARN  com.zaxxer.hikari.pool.HikariPool - HikariPool-1 - Thread starvation or clock leap detected (housekeeper delta=9m21s774ms).
[2024-07-04 12:24:24,837]-[main] INFO  com.zaxxer.hikari.HikariDataSource - HikariPool-1 - Starting...
[2024-07-04 12:24:24,907]-[main] INFO  com.zaxxer.hikari.HikariDataSource - HikariPool-1 - Start completed.
[2024-07-04 12:24:25,077]-[main] INFO  Application - Application started in 0.545 seconds.
[2024-07-04 12:24:25,156]-[main] INFO  Application - Responding at http://0.0.0.0:8080
[2024-07-04 12:33:09,905]-[main] INFO  com.zaxxer.hikari.HikariDataSource - HikariPool-1 - Starting...
[2024-07-04 12:33:09,970]-[main] INFO  com.zaxxer.hikari.HikariDataSource - HikariPool-1 - Start completed.
[2024-07-04 12:33:10,117]-[main] INFO  Application - Application started in 0.508 seconds.
[2024-07-04 12:33:10,199]-[main] INFO  Application - Responding at http://0.0.0.0:8080
[2024-07-04 12:34:57,704]-[main] INFO  com.zaxxer.hikari.HikariDataSource - HikariPool-1 - Starting...
[2024-07-04 12:34:57,771]-[main] INFO  com.zaxxer.hikari.HikariDataSource - HikariPool-1 - Start completed.
[2024-07-04 12:34:57,922]-[main] INFO  Application - Application started in 0.514 seconds.
[2024-07-04 12:34:58,004]-[main] INFO  Application - Responding at http://0.0.0.0:8080
[2024-07-04 13:05:01,698]-[main] INFO  com.zaxxer.hikari.HikariDataSource - HikariPool-1 - Starting...
[2024-07-04 13:05:01,771]-[main] INFO  com.zaxxer.hikari.HikariDataSource - HikariPool-1 - Start completed.
[2024-07-04 13:05:01,956]-[main] INFO  Application - Application started in 0.561 seconds.
[2024-07-04 13:05:02,050]-[main] INFO  Application - Responding at http://0.0.0.0:8080
[2024-07-04 13:06:14,256]-[main] INFO  com.zaxxer.hikari.HikariDataSource - HikariPool-1 - Starting...
[2024-07-04 13:06:14,330]-[main] INFO  com.zaxxer.hikari.HikariDataSource - HikariPool-1 - Start completed.
[2024-07-04 13:06:14,494]-[main] INFO  Application - Application started in 0.557 seconds.
[2024-07-04 13:06:14,576]-[main] INFO  Application - Responding at http://0.0.0.0:8080
[2024-07-04 13:07:26,959]-[eventLoopGroupProxy-4-2 @call-handler#7] ERROR com.jacagen.organizer.OperationService - Saving operation AddNode(id=null, parent=null, node=147e5127-09de-4f03-a7bf-ee03dd2b8fb7, title=$ROOT, index=null)
[2024-07-04 13:08:53,581]-[main] DEBUG Application - Java Home: /Users/jamie/Library/Java/JavaVirtualMachines/corretto-17.0.5/Contents
[2024-07-04 13:08:53,581]-[main] DEBUG Application - Class Loader: jdk.internal.loader.ClassLoaders$AppClassLoader@251a69d7: [file:/Users/jamie/.gradle/caches/modules-2/files-2.1/org.jetbrains.kotlinx/kotlinx-coroutines-core-jvm/1.8.1/bb0e192bd7c2b6b8217440d36e9758e377e450/kotlinx-coroutines-core-jvm-1.8.1.jar!/_COROUTINE/, file:/Users/jamie/.gradle/caches/modules-2/files-2.1/ch.qos.logback/logback-classic/1.5.6/afc75d260d838a3bddfb8f207c2805ed7d1b34f9/logback-classic-1.5.6.jar!/ch, file:/Users/jamie/.gradle/caches/modules-2/files-2.1/ch.qos.logback/logback-core/1.5.6/41cbe874701200c5624c19e0ab50d1b88dfcc77d/logback-core-1.5.6.jar!/ch/, file:/Users/jamie/.gradle/caches/modules-2/files-2.1/com.google.code.findbugs/jsr305/3.0.2/25ea2e8b0c338a877313bd4672d3fe056ea78f0d/jsr305-3.0.2.jar!/javax, file:/Users/jamie/.gradle/caches/modules-2/files-2.1/org.jetbrains.exposed/exposed/0.17.14/c18880229d5314b31c27e3f6916c094802226826/exposed-0.17.14.jar!/org, file:/Users/jamie/.gradle/caches/modules-2/files-2.1/org.postgresql/postgresql/42.7.3/24f3e9f7231428cd20eb4dde00dd3fce44e05464/postgresql-42.7.3.jar!/org, file:/Users/jamie/.gradle/caches/modules-2/files-2.1/org.jetbrains/annotations/23.0.0/8cc20c07506ec18e0834947b84a864bfc094484e/annotations-23.0.0.jar!/org/, file:/Users/jamie/.gradle/caches/modules-2/files-2.1/org.slf4j/slf4j-api/2.0.13/80229737f704b121a318bba5d5deacbcf395bc77/slf4j-api-2.0.13.jar!/org/, file:/Users/jamie/.gradle/caches/modules-2/files-2.1/joda-time/joda-time/2.10.10/29e8126e31f41e5c12b9fe3a7eb02e704c47d70b/joda-time-2.10.10.jar!/org, file:/Users/jamie/.gradle/caches/modules-2/files-2.1/org.checkerframework/checker-qual/3.42.0/638ec33f363a94d41a4f03c3e7d3dcfba64e402d/checker-qual-3.42.0.jar!/org, file:/Users/jamie/.gradle/caches/modules-2/files-2.1/org.eclipse.jetty.alpn/alpn-api/1.1.3.v20160715/a1bf3a937f91b4c953acd13e8c9552347adc2198/alpn-api-1.1.3.v20160715.jar!/org, file:/Users/jamie/.gradle/caches/modules-2/files-2.1/aopalliance/aopalliance/1.0/235ba8b489512805ac13a8f9ea77a1ca5ebe3e8/aopalliance-1.0.jar!/org, file:/Users/jamie/.gradle/caches/modules-2/files-2.1/org.fusesource.jansi/jansi/2.4.1/d5774f204d990c9f5da2809b88f928515577beb4/jansi-2.4.1.jar!/org/, /Users/jamie/Development/IdeaProjects/organizer/build/classes/kotlin/jvm/main/io, file:/Users/jamie/.gradle/caches/modules-2/files-2.1/io.kvision/kvision-server-ktor-jvm/7.5.1/4f1fe7d4cf4f49373be4b0ac369bc53827969144/kvision-server-ktor-jvm-7.5.1.jar!/io, file:/Users/jamie/.gradle/caches/modules-2/files-2.1/io.ktor/ktor-server-auth-jvm/2.3.11/651ae50602af2482fe9dc978a52bec16e9078d2/ktor-server-auth-jvm-2.3.11.jar!/io, file:/Users/jamie/.gradle/caches/modules-2/files-2.1/io.ktor/ktor-server-compression-jvm/2.3.11/205d128d40bebe7fdd35d0234f5a3f3e79324828/ktor-server-compression-jvm-2.3.11.jar!/io, file:/Users/jamie/.gradle/caches/modules-2/files-2.1/io.ktor/ktor-server-content-negotiation-jvm/2.3.11/b33609fc19323c17ea7ea108dfdda1ebf9791cab/ktor-server-content-negotiation-jvm-2.3.11.jar!/io, file:/Users/jamie/.gradle/caches/modules-2/files-2.1/io.ktor/ktor-server-websockets-jvm/2.3.11/d5a4df10ad8189e1a98857f275e7a410be46a5d3/ktor-server-websockets-jvm-2.3.11.jar!/io, file:/Users/jamie/.gradle/caches/modules-2/files-2.1/io.ktor/ktor-server-netty-jvm/2.3.11/23862e5f98d2768d7c3c5d0f15082b9eeb451c09/ktor-server-netty-jvm-2.3.11.jar!/io, file:/Users/jamie/.gradle/caches/modules-2/files-2.1/io.ktor/ktor-server-host-common-jvm/2.3.11/9cbd17af2f6158da532d7b9e5e0cb19d60a8306d/ktor-server-host-common-jvm-2.3.11.jar!/io, file:/Users/jamie/.gradle/caches/modules-2/files-2.1/io.ktor/ktor-server-sessions-jvm/2.3.11/5300fa98952037f42c5954d69fa460f94e13d632/ktor-server-sessions-jvm-2.3.11.jar!/io, file:/Users/jamie/.gradle/caches/modules-2/files-2.1/io.ktor/ktor-server-core-jvm/2.3.11/de002fc6f484be93e61c2f0b29c9299d22304dc4/ktor-server-core-jvm-2.3.11.jar!/io, file:/Users/jamie/.gradle/caches/modules-2/files-2.1/io.kvision/kvision-common-annotations-jvm/7.5.1/1ade99a400d26aa58761677a814bc59dc2ca9533/kvision-common-annotations-jvm-7.5.1.jar!/io, file:/Users/jamie/.gradle/caches/modules-2/files-2.1/io.kvision/kvision-common-remote-jvm/7.5.1/48b65c7c0bc2c125997a8d03d7d1000f57982acb/kvision-common-remote-jvm-7.5.1.jar!/io, file:/Users/jamie/.gradle/caches/modules-2/files-2.1/io.kvision/kvision-common-types-jvm/7.5.1/ac11516ae4bb51ab3375be0881eda6e924d53fba/kvision-common-types-jvm-7.5.1.jar!/io, file:/Users/jamie/.gradle/caches/modules-2/files-2.1/io.ktor/ktor-serialization-kotlinx-json-jvm/2.3.11/af0bc6f7ce125f8d3ddb0bc95273c3154447b618/ktor-serialization-kotlinx-json-jvm-2.3.11.jar!/io, file:/Users/jamie/.gradle/caches/modules-2/files-2.1/io.ktor/ktor-serialization-kotlinx-jvm/2.3.11/cfb1cc8db157f49fca372d4cf860b5dc7fe42623/ktor-serialization-kotlinx-jvm-2.3.11.jar!/io, file:/Users/jamie/.gradle/caches/modules-2/files-2.1/io.ktor/ktor-client-core-jvm/2.3.11/1ead4100b66a375ccc808bede2e2c1e480c015f/ktor-client-core-jvm-2.3.11.jar!/io, file:/Users/jamie/.gradle/caches/modules-2/files-2.1/io.ktor/ktor-websocket-serialization-jvm/2.3.11/195426b52d1647738a12022d1e0728326940a358/ktor-websocket-serialization-jvm-2.3.11.jar!/io, file:/Users/jamie/.gradle/caches/modules-2/files-2.1/io.ktor/ktor-serialization-jvm/2.3.11/5fd3c07683c145e49ff26d22af898178f20d813d/ktor-serialization-jvm-2.3.11.jar!/io, file:/Users/jamie/.gradle/caches/modules-2/files-2.1/io.ktor/ktor-events-jvm/2.3.11/e6a6d901927636a1fad5617397f5d40d2fc1d54b/ktor-events-jvm-2.3.11.jar!/io, file:/Users/jamie/.gradle/caches/modules-2/files-2.1/io.ktor/ktor-websockets-jvm/2.3.11/23bd6a7d3d1fed4ffb56a08f93e72eadb9818a1b/ktor-websockets-jvm-2.3.11.jar!/io, file:/Users/jamie/.gradle/caches/modules-2/files-2.1/io.ktor/ktor-http-cio-jvm/2.3.11/ac8777580e587b888dc6fe1b51990e00cad9186/ktor-http-cio-jvm-2.3.11.jar!/io, file:/Users/jamie/.gradle/caches/modules-2/files-2.1/io.ktor/ktor-http-jvm/2.3.11/80eaa88b1c5f966ef87ca205bb05beb0e50cf99f/ktor-http-jvm-2.3.11.jar!/io, file:/Users/jamie/.gradle/caches/modules-2/files-2.1/io.ktor/ktor-network-jvm/2.3.11/af26d49aea71a522eb2a01084d3617b891acc3dd/ktor-network-jvm-2.3.11.jar!/io, file:/Users/jamie/.gradle/caches/modules-2/files-2.1/io.ktor/ktor-utils-jvm/2.3.11/db227e84b9b155891262f7376ad22b6fb9e4ae6/ktor-utils-jvm-2.3.11.jar!/io, file:/Users/jamie/.gradle/caches/modules-2/files-2.1/io.ktor/ktor-io-jvm/2.3.11/a129eccdd57a710f402661c89498abdd52107e6a/ktor-io-jvm-2.3.11.jar!/io, file:/Users/jamie/.gradle/caches/modules-2/files-2.1/io.netty/netty-codec-http2/4.1.106.Final/41515e8c51eeaaddceabdb4f86fbc5dbfc25b70e/netty-codec-http2-4.1.106.Final.jar!/io, file:/Users/jamie/.gradle/caches/modules-2/files-2.1/io.netty/netty-codec-http/4.1.106.Final/21a07cdf0fc46b313fe2248f1275cdbdac0ba87b/netty-codec-http-4.1.106.Final.jar!/io, file:/Users/jamie/.gradle/caches/modules-2/files-2.1/io.netty/netty-handler/4.1.106.Final/874c970c4ff958b1140dde52bc17e6a9e7cde662/netty-handler-4.1.106.Final.jar!/io, file:/Users/jamie/.gradle/caches/modules-2/files-2.1/io.netty/netty-codec/4.1.106.Final/25171b63aa1e7a5fd8a7e4e660d6d3110241ea7/netty-codec-4.1.106.Final.jar!/io, file:/Users/jamie/.gradle/caches/modules-2/files-2.1/io.netty/netty-transport-classes-kqueue/4.1.106.Final/c09ce8927dbf58e7b0fc6291a9df1675dc98a29a/netty-transport-classes-kqueue-4.1.106.Final.jar!/io, file:/Users/jamie/.gradle/caches/modules-2/files-2.1/io.netty/netty-transport-classes-epoll/4.1.106.Final/c058d5c712e00e8560e519970b3d27747778b8f2/netty-transport-classes-epoll-4.1.106.Final.jar!/io, file:/Users/jamie/.gradle/caches/modules-2/files-2.1/io.netty/netty-transport-native-unix-common/4.1.106.Final/2da179bd95903f0fa73218b8f0d02690c0cfbc94/netty-transport-native-unix-common-4.1.106.Final.jar!/io, file:/Users/jamie/.gradle/caches/modules-2/files-2.1/io.netty/netty-transport/4.1.106.Final/8fcca44ae16b98e15965093e7696832019fd6f27/netty-transport-4.1.106.Final.jar!/io, file:/Users/jamie/.gradle/caches/modules-2/files-2.1/io.netty/netty-buffer/4.1.106.Final/c5495ba59a627641b3a7c23f6bcb801874c7f7b0/netty-buffer-4.1.106.Final.jar!/io, file:/Users/jamie/.gradle/caches/modules-2/files-2.1/io.netty/netty-resolver/4.1.106.Final/e185ae573db04939215f94d6ba869758dcecbde9/netty-resolver-4.1.106.Final.jar!/io, file:/Users/jamie/.gradle/caches/modules-2/files-2.1/io.netty/netty-common/4.1.106.Final/132defb4689f41b51b483b7202b22b6e89fe35fd/netty-common-4.1.106.Final.jar!/io, /Users/jamie/Development/IdeaProjects/organizer/build/classes/kotlin/jvm/main/com, file:/Users/jamie/.gradle/caches/modules-2/files-2.1/com.zaxxer/HikariCP/3.2.0/6c66db1c636ee90beb4c65fe34abd8ba9396bca6/HikariCP-3.2.0.jar!/com, file:/Users/jamie/.gradle/caches/modules-2/files-2.1/com.google.inject/guice/7.0.0/ccc518677b9367d45f99dfa592c9b039f07687d3/guice-7.0.0.jar!/com, file:/Users/jamie/.gradle/caches/modules-2/files-2.1/com.google.guava/guava/31.0.1-jre/119ea2b2bc205b138974d351777b20f02b92704b/guava-31.0.1-jre.jar!/com, file:/Users/jamie/.gradle/caches/modules-2/files-2.1/com.typesafe/config/1.4.3/b57e0fbdc7270d8ea59c1ba367457a5cc7ba0e98/config-1.4.3.jar!/com, file:/Users/jamie/.gradle/caches/modules-2/files-2.1/com.google.guava/failureaccess/1.0.1/1dcf1de382a0bf95a3d8b0849546c88bac1292c9/failureaccess-1.0.1.jar!/com, file:/Users/jamie/.gradle/caches/modules-2/files-2.1/com.google.errorprone/error_prone_annotations/2.7.1/458d9042f7aa6fa9a634df902b37f544e15aacac/error_prone_annotations-2.7.1.jar!/com, file:/Users/jamie/.gradle/caches/modules-2/files-2.1/com.google.j2objc/j2objc-annotations/1.3/ba035118bc8bac37d7eff77700720999acd9986d/j2objc-annotations-1.3.jar!/com, file:/Users/jamie/.gradle/caches/modules-2/files-2.1/org.jetbrains.kotlinx/kotlinx-serialization-core-jvm/1.6.3/6b6c17d0312ba7192893adea9d52959941d0119b/kotlinx-serialization-core-jvm-1.6.3.jar!/kotlinx/, file:/Users/jamie/.gradle/caches/modules-2/files-2.1/org.jetbrains.kotlinx/kotlinx-serialization-json-jvm/1.6.3/2241746853abf04073e3ab0dcd9e6729d363b313/kotlinx-serialization-json-jvm-1.6.3.jar!/kotlinx/, file:/Users/jamie/.gradle/caches/modules-2/files-2.1/org.jetbrains.kotlinx/kotlinx-coroutines-slf4j/1.8.1/a64ea6ebcb63208589fd45a00a1f47985ecd34c3/kotlinx-coroutines-slf4j-1.8.1.jar!/kotlinx/, file:/Users/jamie/.gradle/caches/modules-2/files-2.1/org.jetbrains.kotlin/kotlin-reflect/1.9.24/767f8e3d382a98e2d5a465abe36be2b7019a7be4/kotlin-reflect-1.9.24.jar!/META-INF/versions/9/kotlin/, file:/Users/jamie/.gradle/caches/modules-2/files-2.1/org.jetbrains.kotlin/kotlin-stdlib/1.9.24/9928532f12c66ad816a625b3f9984f8368ca6d2b/kotlin-stdlib-1.9.24.jar!/kotlin/, /Users/jamie/Development/IdeaProjects/organizer/build/classes/kotlin/jvm/main/, /Users/jamie/Development/IdeaProjects/organizer/build/processedResources/jvm/main/, file:/Users/jamie/.gradle/caches/modules-2/files-2.1/org.jetbrains.kotlinx/kotlinx-coroutines-jdk8/1.8.1/a9c5828df815ab41dd9063fda549715c41e8bfab/kotlinx-coroutines-jdk8-1.8.1.jar!/META-INF/versions/9/, file:/Users/jamie/.gradle/caches/modules-2/files-2.1/org.jetbrains.kotlin/kotlin-stdlib-jdk8/1.8.22/b25c86d47d6b962b9cf0f8c3f320c8a10eea3dd1/kotlin-stdlib-jdk8-1.8.22.jar!/META-INF/versions/9/, file:/Users/jamie/.gradle/caches/modules-2/files-2.1/org.jetbrains.kotlin/kotlin-stdlib-jdk7/1.8.22/4dabb8248310d833bb6a8b516024a91fd3d275c/kotlin-stdlib-jdk7-1.8.22.jar!/META-INF/versions/9/]
[2024-07-04 13:08:53,589]-[main] DEBUG Application - Watching /Users/jamie/Development/IdeaProjects/organizer/build/classes/kotlin/jvm/main/com/jacagen/organizer for changes.
[2024-07-04 13:08:53,589]-[main] DEBUG Application - Watching /Users/jamie/Development/IdeaProjects/organizer/build/classes/kotlin/jvm/main/META-INF for changes.
[2024-07-04 13:08:53,589]-[main] DEBUG Application - Watching /Users/jamie/Development/IdeaProjects/organizer/build/classes/kotlin/jvm/main for changes.
[2024-07-04 13:08:53,589]-[main] DEBUG Application - Watching /Users/jamie/Development/IdeaProjects/organizer/build/classes/kotlin/jvm/main/com for changes.
[2024-07-04 13:08:53,589]-[main] DEBUG Application - Watching /Users/jamie/Development/IdeaProjects/organizer/build/classes/kotlin/jvm/main/io/kvision for changes.
[2024-07-04 13:08:53,589]-[main] DEBUG Application - Watching /Users/jamie/Development/IdeaProjects/organizer/build/classes/kotlin/jvm/main/io/kvision/remote for changes.
[2024-07-04 13:08:53,589]-[main] DEBUG Application - Watching /Users/jamie/Development/IdeaProjects/organizer/build/classes/kotlin/jvm/main/com/jacagen for changes.
[2024-07-04 13:08:53,589]-[main] DEBUG Application - Watching /Users/jamie/Development/IdeaProjects/organizer/build/classes/kotlin/jvm/main/io for changes.
[2024-07-04 13:08:53,820]-[main] DEBUG com.zaxxer.hikari.HikariConfig - Driver class org.postgresql.Driver found in Thread context class loader io.ktor.server.engine.OverridingClassLoader@7139992f
[2024-07-04 13:08:53,822]-[main] DEBUG com.zaxxer.hikari.HikariConfig - HikariPool-1 - configuration:
[2024-07-04 13:08:53,823]-[main] DEBUG com.zaxxer.hikari.HikariConfig - allowPoolSuspension.............false
[2024-07-04 13:08:53,824]-[main] DEBUG com.zaxxer.hikari.HikariConfig - autoCommit......................false
[2024-07-04 13:08:53,824]-[main] DEBUG com.zaxxer.hikari.HikariConfig - catalog.........................none
[2024-07-04 13:08:53,824]-[main] DEBUG com.zaxxer.hikari.HikariConfig - connectionInitSql...............none
[2024-07-04 13:08:53,824]-[main] DEBUG com.zaxxer.hikari.HikariConfig - connectionTestQuery.............none
[2024-07-04 13:08:53,824]-[main] DEBUG com.zaxxer.hikari.HikariConfig - connectionTimeout...............30000
[2024-07-04 13:08:53,824]-[main] DEBUG com.zaxxer.hikari.HikariConfig - dataSource......................none
[2024-07-04 13:08:53,824]-[main] DEBUG com.zaxxer.hikari.HikariConfig - dataSourceClassName.............none
[2024-07-04 13:08:53,824]-[main] DEBUG com.zaxxer.hikari.HikariConfig - dataSourceJNDI..................none
[2024-07-04 13:08:53,824]-[main] DEBUG com.zaxxer.hikari.HikariConfig - dataSourceProperties............{password=<masked>}
[2024-07-04 13:08:53,824]-[main] DEBUG com.zaxxer.hikari.HikariConfig - driverClassName................."org.postgresql.Driver"
[2024-07-04 13:08:53,824]-[main] DEBUG com.zaxxer.hikari.HikariConfig - healthCheckProperties...........{}
[2024-07-04 13:08:53,824]-[main] DEBUG com.zaxxer.hikari.HikariConfig - healthCheckRegistry.............none
[2024-07-04 13:08:53,824]-[main] DEBUG com.zaxxer.hikari.HikariConfig - idleTimeout.....................600000
[2024-07-04 13:08:53,825]-[main] DEBUG com.zaxxer.hikari.HikariConfig - initializationFailTimeout.......1
[2024-07-04 13:08:53,825]-[main] DEBUG com.zaxxer.hikari.HikariConfig - isolateInternalQueries..........false
[2024-07-04 13:08:53,825]-[main] DEBUG com.zaxxer.hikari.HikariConfig - jdbcUrl.........................jdbc:postgresql:ops
[2024-07-04 13:08:53,825]-[main] DEBUG com.zaxxer.hikari.HikariConfig - leakDetectionThreshold..........0
[2024-07-04 13:08:53,825]-[main] DEBUG com.zaxxer.hikari.HikariConfig - maxLifetime.....................1800000
[2024-07-04 13:08:53,825]-[main] DEBUG com.zaxxer.hikari.HikariConfig - maximumPoolSize.................3
[2024-07-04 13:08:53,825]-[main] DEBUG com.zaxxer.hikari.HikariConfig - metricRegistry..................none
[2024-07-04 13:08:53,825]-[main] DEBUG com.zaxxer.hikari.HikariConfig - metricsTrackerFactory...........none
[2024-07-04 13:08:53,825]-[main] DEBUG com.zaxxer.hikari.HikariConfig - minimumIdle.....................3
[2024-07-04 13:08:53,825]-[main] DEBUG com.zaxxer.hikari.HikariConfig - password........................<masked>
[2024-07-04 13:08:53,825]-[main] DEBUG com.zaxxer.hikari.HikariConfig - poolName........................"HikariPool-1"
[2024-07-04 13:08:53,825]-[main] DEBUG com.zaxxer.hikari.HikariConfig - readOnly........................false
[2024-07-04 13:08:53,825]-[main] DEBUG com.zaxxer.hikari.HikariConfig - registerMbeans..................false
[2024-07-04 13:08:53,825]-[main] DEBUG com.zaxxer.hikari.HikariConfig - scheduledExecutor...............none
[2024-07-04 13:08:53,825]-[main] DEBUG com.zaxxer.hikari.HikariConfig - schema..........................none
[2024-07-04 13:08:53,826]-[main] DEBUG com.zaxxer.hikari.HikariConfig - threadFactory...................internal
[2024-07-04 13:08:53,826]-[main] DEBUG com.zaxxer.hikari.HikariConfig - transactionIsolation............"TRANSACTION_REPEATABLE_READ"
[2024-07-04 13:08:53,826]-[main] DEBUG com.zaxxer.hikari.HikariConfig - username........................none
[2024-07-04 13:08:53,826]-[main] DEBUG com.zaxxer.hikari.HikariConfig - validationTimeout...............5000
[2024-07-04 13:08:53,826]-[main] DEBUG com.zaxxer.hikari.HikariConfig - HikariPool-1 - configuration:
[2024-07-04 13:08:53,827]-[main] DEBUG com.zaxxer.hikari.HikariConfig - allowPoolSuspension.............false
[2024-07-04 13:08:53,827]-[main] DEBUG com.zaxxer.hikari.HikariConfig - autoCommit......................false
[2024-07-04 13:08:53,827]-[main] DEBUG com.zaxxer.hikari.HikariConfig - catalog.........................none
[2024-07-04 13:08:53,827]-[main] DEBUG com.zaxxer.hikari.HikariConfig - connectionInitSql...............none
[2024-07-04 13:08:53,827]-[main] DEBUG com.zaxxer.hikari.HikariConfig - connectionTestQuery.............none
[2024-07-04 13:08:53,827]-[main] DEBUG com.zaxxer.hikari.HikariConfig - connectionTimeout...............30000
[2024-07-04 13:08:53,827]-[main] DEBUG com.zaxxer.hikari.HikariConfig - dataSource......................none
[2024-07-04 13:08:53,827]-[main] DEBUG com.zaxxer.hikari.HikariConfig - dataSourceClassName.............none
[2024-07-04 13:08:53,827]-[main] DEBUG com.zaxxer.hikari.HikariConfig - dataSourceJNDI..................none
[2024-07-04 13:08:53,827]-[main] DEBUG com.zaxxer.hikari.HikariConfig - dataSourceProperties............{password=<masked>}
[2024-07-04 13:08:53,827]-[main] DEBUG com.zaxxer.hikari.HikariConfig - driverClassName................."org.postgresql.Driver"
[2024-07-04 13:08:53,827]-[main] DEBUG com.zaxxer.hikari.HikariConfig - healthCheckProperties...........{}
[2024-07-04 13:08:53,827]-[main] DEBUG com.zaxxer.hikari.HikariConfig - healthCheckRegistry.............none
[2024-07-04 13:08:53,827]-[main] DEBUG com.zaxxer.hikari.HikariConfig - idleTimeout.....................600000
[2024-07-04 13:08:53,828]-[main] DEBUG com.zaxxer.hikari.HikariConfig - initializationFailTimeout.......1
[2024-07-04 13:08:53,828]-[main] DEBUG com.zaxxer.hikari.HikariConfig - isolateInternalQueries..........false
[2024-07-04 13:08:53,828]-[main] DEBUG com.zaxxer.hikari.HikariConfig - jdbcUrl.........................jdbc:postgresql:ops
[2024-07-04 13:08:53,828]-[main] DEBUG com.zaxxer.hikari.HikariConfig - leakDetectionThreshold..........0
[2024-07-04 13:08:53,828]-[main] DEBUG com.zaxxer.hikari.HikariConfig - maxLifetime.....................1800000
[2024-07-04 13:08:53,828]-[main] DEBUG com.zaxxer.hikari.HikariConfig - maximumPoolSize.................3
[2024-07-04 13:08:53,828]-[main] DEBUG com.zaxxer.hikari.HikariConfig - metricRegistry..................none
[2024-07-04 13:08:53,828]-[main] DEBUG com.zaxxer.hikari.HikariConfig - metricsTrackerFactory...........none
[2024-07-04 13:08:53,828]-[main] DEBUG com.zaxxer.hikari.HikariConfig - minimumIdle.....................3
[2024-07-04 13:08:53,828]-[main] DEBUG com.zaxxer.hikari.HikariConfig - password........................<masked>
[2024-07-04 13:08:53,828]-[main] DEBUG com.zaxxer.hikari.HikariConfig - poolName........................"HikariPool-1"
[2024-07-04 13:08:53,828]-[main] DEBUG com.zaxxer.hikari.HikariConfig - readOnly........................false
[2024-07-04 13:08:53,828]-[main] DEBUG com.zaxxer.hikari.HikariConfig - registerMbeans..................false
[2024-07-04 13:08:53,828]-[main] DEBUG com.zaxxer.hikari.HikariConfig - scheduledExecutor...............none
[2024-07-04 13:08:53,828]-[main] DEBUG com.zaxxer.hikari.HikariConfig - schema..........................none
[2024-07-04 13:08:53,828]-[main] DEBUG com.zaxxer.hikari.HikariConfig - threadFactory...................internal
[2024-07-04 13:08:53,828]-[main] DEBUG com.zaxxer.hikari.HikariConfig - transactionIsolation............"TRANSACTION_REPEATABLE_READ"
[2024-07-04 13:08:53,828]-[main] DEBUG com.zaxxer.hikari.HikariConfig - username........................none
[2024-07-04 13:08:53,828]-[main] DEBUG com.zaxxer.hikari.HikariConfig - validationTimeout...............5000
[2024-07-04 13:08:53,829]-[main] INFO  com.zaxxer.hikari.HikariDataSource - HikariPool-1 - Starting...
[2024-07-04 13:08:53,892]-[main] DEBUG com.zaxxer.hikari.pool.HikariPool - HikariPool-1 - Added connection org.postgresql.jdbc.PgConnection@598260a6
[2024-07-04 13:08:53,893]-[main] INFO  com.zaxxer.hikari.HikariDataSource - HikariPool-1 - Start completed.
[2024-07-04 13:08:53,995]-[HikariPool-1 housekeeper] DEBUG com.zaxxer.hikari.pool.HikariPool - HikariPool-1 - Pool stats (total=1, active=0, idle=1, waiting=0)
[2024-07-04 13:08:54,005]-[HikariPool-1 connection adder] DEBUG com.zaxxer.hikari.pool.HikariPool - HikariPool-1 - Added connection org.postgresql.jdbc.PgConnection@69b75dfc
[2024-07-04 13:08:54,015]-[HikariPool-1 connection adder] DEBUG com.zaxxer.hikari.pool.HikariPool - HikariPool-1 - Added connection org.postgresql.jdbc.PgConnection@6770beba
[2024-07-04 13:08:54,015]-[HikariPool-1 connection adder] DEBUG com.zaxxer.hikari.pool.HikariPool - HikariPool-1 - After adding stats (total=3, active=1, idle=2, waiting=0)
[2024-07-04 13:08:54,037]-[main] INFO  Application - Application started in 0.505 seconds.
[2024-07-04 13:08:54,041]-[main] DEBUG io.netty.util.internal.logging.InternalLoggerFactory - Using SLF4J as the default logging framework
[2024-07-04 13:08:54,050]-[main] DEBUG io.netty.util.internal.PlatformDependent0 - -Dio.netty.noUnsafe: false
[2024-07-04 13:08:54,050]-[main] DEBUG io.netty.util.internal.PlatformDependent0 - Java version: 17
[2024-07-04 13:08:54,051]-[main] DEBUG io.netty.util.internal.PlatformDependent0 - sun.misc.Unsafe.theUnsafe: available
[2024-07-04 13:08:54,051]-[main] DEBUG io.netty.util.internal.PlatformDependent0 - sun.misc.Unsafe.copyMemory: available
[2024-07-04 13:08:54,051]-[main] DEBUG io.netty.util.internal.PlatformDependent0 - sun.misc.Unsafe.storeFence: available
[2024-07-04 13:08:54,051]-[main] DEBUG io.netty.util.internal.PlatformDependent0 - java.nio.Buffer.address: available
[2024-07-04 13:08:54,052]-[main] DEBUG io.netty.util.internal.PlatformDependent0 - direct buffer constructor: unavailable: Reflective setAccessible(true) disabled
[2024-07-04 13:08:54,052]-[main] DEBUG io.netty.util.internal.PlatformDependent0 - java.nio.Bits.unaligned: available, true
[2024-07-04 13:08:54,052]-[main] DEBUG io.netty.util.internal.PlatformDependent0 - jdk.internal.misc.Unsafe.allocateUninitializedArray(int): unavailable: class io.netty.util.internal.PlatformDependent0$7 cannot access class jdk.internal.misc.Unsafe (in module java.base) because module java.base does not export jdk.internal.misc to unnamed module @77167fb7
[2024-07-04 13:08:54,053]-[main] DEBUG io.netty.util.internal.PlatformDependent0 - java.nio.DirectByteBuffer.<init>(long, {int,long}): unavailable
[2024-07-04 13:08:54,053]-[main] DEBUG io.netty.util.internal.PlatformDependent - sun.misc.Unsafe: available
[2024-07-04 13:08:54,053]-[main] DEBUG io.netty.util.internal.PlatformDependent - -Dio.netty.tmpdir: /var/folders/7j/dc19w3z13732qzmfpw6cqknh0000gn/T (java.io.tmpdir)
[2024-07-04 13:08:54,053]-[main] DEBUG io.netty.util.internal.PlatformDependent - -Dio.netty.bitMode: 64 (sun.arch.data.model)
[2024-07-04 13:08:54,053]-[main] DEBUG io.netty.util.internal.PlatformDependent - Platform: MacOS
[2024-07-04 13:08:54,054]-[main] DEBUG io.netty.util.internal.PlatformDependent - -Dio.netty.maxDirectMemory: -1 bytes
[2024-07-04 13:08:54,054]-[main] DEBUG io.netty.util.internal.PlatformDependent - -Dio.netty.uninitializedArrayAllocationThreshold: -1
[2024-07-04 13:08:54,054]-[main] DEBUG io.netty.util.internal.CleanerJava9 - java.nio.ByteBuffer.cleaner(): available
[2024-07-04 13:08:54,054]-[main] DEBUG io.netty.util.internal.PlatformDependent - -Dio.netty.noPreferDirect: false
[2024-07-04 13:08:54,056]-[main] DEBUG io.netty.util.internal.NativeLibraryLoader - -Dio.netty.native.workdir: /var/folders/7j/dc19w3z13732qzmfpw6cqknh0000gn/T (io.netty.tmpdir)
[2024-07-04 13:08:54,056]-[main] DEBUG io.netty.util.internal.NativeLibraryLoader - -Dio.netty.native.deleteLibAfterLoading: true
[2024-07-04 13:08:54,056]-[main] DEBUG io.netty.util.internal.NativeLibraryLoader - -Dio.netty.native.tryPatchShadedId: true
[2024-07-04 13:08:54,057]-[main] DEBUG io.netty.util.internal.NativeLibraryLoader - -Dio.netty.native.detectNativeLibraryDuplicates: true
[2024-07-04 13:08:54,070]-[main] DEBUG io.netty.channel.MultithreadEventLoopGroup - -Dio.netty.eventLoopThreads: 20
[2024-07-04 13:08:54,073]-[main] DEBUG io.netty.util.concurrent.GlobalEventExecutor - -Dio.netty.globalEventExecutor.quietPeriodSeconds: 1
[2024-07-04 13:08:54,074]-[main] DEBUG io.netty.util.internal.InternalThreadLocalMap - -Dio.netty.threadLocalMap.stringBuilder.initialSize: 1024
[2024-07-04 13:08:54,075]-[main] DEBUG io.netty.util.internal.InternalThreadLocalMap - -Dio.netty.threadLocalMap.stringBuilder.maxSize: 4096
[2024-07-04 13:08:54,077]-[main] DEBUG io.netty.channel.nio.NioEventLoop - -Dio.netty.noKeySetOptimization: false
[2024-07-04 13:08:54,077]-[main] DEBUG io.netty.channel.nio.NioEventLoop - -Dio.netty.selectorAutoRebuildThreshold: 512
[2024-07-04 13:08:54,080]-[main] DEBUG io.netty.util.internal.PlatformDependent - org.jctools-core.MpscChunkedArrayQueue: available
[2024-07-04 13:08:54,089]-[main] DEBUG io.netty.channel.DefaultChannelId - -Dio.netty.processId: 15168 (auto-detected)
[2024-07-04 13:08:54,092]-[main] DEBUG io.netty.util.NetUtil - -Djava.net.preferIPv4Stack: false
[2024-07-04 13:08:54,092]-[main] DEBUG io.netty.util.NetUtil - -Djava.net.preferIPv6Addresses: false
[2024-07-04 13:08:54,094]-[main] DEBUG io.netty.util.NetUtilInitializations - Loopback interface: lo0 (lo0, 0:0:0:0:0:0:0:1%lo0)
[2024-07-04 13:08:54,095]-[main] DEBUG io.netty.util.NetUtil - Failed to get SOMAXCONN from sysctl and file /proc/sys/net/core/somaxconn. Default: 128
[2024-07-04 13:08:54,096]-[main] DEBUG io.netty.channel.DefaultChannelId - -Dio.netty.machineId: f4:d4:88:ff:fe:60:49:53 (auto-detected)
[2024-07-04 13:08:54,100]-[main] DEBUG io.netty.util.ResourceLeakDetector - -Dio.netty.leakDetection.level: simple
[2024-07-04 13:08:54,100]-[main] DEBUG io.netty.util.ResourceLeakDetector - -Dio.netty.leakDetection.targetRecords: 4
[2024-07-04 13:08:54,110]-[main] DEBUG io.netty.buffer.PooledByteBufAllocator - -Dio.netty.allocator.numHeapArenas: 20
[2024-07-04 13:08:54,110]-[main] DEBUG io.netty.buffer.PooledByteBufAllocator - -Dio.netty.allocator.numDirectArenas: 20
[2024-07-04 13:08:54,110]-[main] DEBUG io.netty.buffer.PooledByteBufAllocator - -Dio.netty.allocator.pageSize: 8192
[2024-07-04 13:08:54,110]-[main] DEBUG io.netty.buffer.PooledByteBufAllocator - -Dio.netty.allocator.maxOrder: 9
[2024-07-04 13:08:54,110]-[main] DEBUG io.netty.buffer.PooledByteBufAllocator - -Dio.netty.allocator.chunkSize: 4194304
[2024-07-04 13:08:54,110]-[main] DEBUG io.netty.buffer.PooledByteBufAllocator - -Dio.netty.allocator.smallCacheSize: 256
[2024-07-04 13:08:54,110]-[main] DEBUG io.netty.buffer.PooledByteBufAllocator - -Dio.netty.allocator.normalCacheSize: 64
[2024-07-04 13:08:54,110]-[main] DEBUG io.netty.buffer.PooledByteBufAllocator - -Dio.netty.allocator.maxCachedBufferCapacity: 32768
[2024-07-04 13:08:54,110]-[main] DEBUG io.netty.buffer.PooledByteBufAllocator - -Dio.netty.allocator.cacheTrimInterval: 8192
[2024-07-04 13:08:54,110]-[main] DEBUG io.netty.buffer.PooledByteBufAllocator - -Dio.netty.allocator.cacheTrimIntervalMillis: 0
[2024-07-04 13:08:54,110]-[main] DEBUG io.netty.buffer.PooledByteBufAllocator - -Dio.netty.allocator.useCacheForAllThreads: false
[2024-07-04 13:08:54,110]-[main] DEBUG io.netty.buffer.PooledByteBufAllocator - -Dio.netty.allocator.maxCachedByteBuffersPerChunk: 1023
[2024-07-04 13:08:54,114]-[main] DEBUG io.netty.buffer.ByteBufUtil - -Dio.netty.allocator.type: pooled
[2024-07-04 13:08:54,115]-[main] DEBUG io.netty.buffer.ByteBufUtil - -Dio.netty.threadLocalDirectBufferSize: 0
[2024-07-04 13:08:54,115]-[main] DEBUG io.netty.buffer.ByteBufUtil - -Dio.netty.maxThreadLocalCharBufferSize: 16384
[2024-07-04 13:08:54,115]-[main] DEBUG io.netty.bootstrap.ChannelInitializerExtensions - -Dio.netty.bootstrap.extensions: null
[2024-07-04 13:08:54,123]-[main] INFO  Application - Responding at http://0.0.0.0:8080
[2024-07-04 13:08:57,398]-[eventLoopGroupProxy-3-2] DEBUG io.netty.buffer.AbstractByteBuf - -Dio.netty.buffer.checkAccessible: true
[2024-07-04 13:08:57,398]-[eventLoopGroupProxy-3-2] DEBUG io.netty.buffer.AbstractByteBuf - -Dio.netty.buffer.checkBounds: true
[2024-07-04 13:08:57,399]-[eventLoopGroupProxy-3-2] DEBUG io.netty.util.ResourceLeakDetectorFactory - Loaded default ResourceLeakDetector: io.netty.util.ResourceLeakDetector@3e7e54a4
[2024-07-04 13:08:57,424]-[eventLoopGroupProxy-3-2] DEBUG io.netty.util.Recycler - -Dio.netty.recycler.maxCapacityPerThread: 4096
[2024-07-04 13:08:57,424]-[eventLoopGroupProxy-3-2] DEBUG io.netty.util.Recycler - -Dio.netty.recycler.ratio: 8
[2024-07-04 13:08:57,424]-[eventLoopGroupProxy-3-2] DEBUG io.netty.util.Recycler - -Dio.netty.recycler.chunkSize: 32
[2024-07-04 13:08:57,424]-[eventLoopGroupProxy-3-2] DEBUG io.netty.util.Recycler - -Dio.netty.recycler.blocking: false
[2024-07-04 13:08:57,424]-[eventLoopGroupProxy-3-2] DEBUG io.netty.util.Recycler - -Dio.netty.recycler.batchFastThreadLocalOnly: true
[2024-07-04 13:08:57,508]-[eventLoopGroupProxy-4-3 @call-handler#8] DEBUG com.jacagen.organizer.OperationService - Saving operation AddNode(id=null, parent=d8925ff9-ebd4-4fc7-bb71-406daf9403ef, node=6d5b6d26-b73b-4fa7-9b32-c2e874f3bd16, title=Figure out plans for Chris's birthday, index=null)
[2024-07-04 13:08:57,508]-[eventLoopGroupProxy-4-1 @call-handler#10] DEBUG com.jacagen.organizer.OperationService - Saving operation AddNode(id=null, parent=147e5127-09de-4f03-a7bf-ee03dd2b8fb7, node=d8925ff9-ebd4-4fc7-bb71-406daf9403ef, title=Chris's birthday, index=null)
[2024-07-04 13:08:57,508]-[eventLoopGroupProxy-4-2 @call-handler#9] DEBUG com.jacagen.organizer.OperationService - Saving operation AddNode(id=null, parent=147e5127-09de-4f03-a7bf-ee03dd2b8fb7, node=c024d1c6-1d93-4bc1-9177-23ca49bae59d, title=Entertain regularly, index=null)
[2024-07-04 13:08:57,535]-[DefaultDispatcher-worker-2 @call-handler#10] DEBUG Exposed - INSERT INTO operations ("index", node, old_title, op_type, parent, title) VALUES (NULL, 'd8925ff9-ebd4-4fc7-bb71-406daf9403ef', NULL, 'AddNode', '147e5127-09de-4f03-a7bf-ee03dd2b8fb7', 'Chris''s birthday')
[2024-07-04 13:08:57,535]-[DefaultDispatcher-worker-1 @call-handler#8] DEBUG Exposed - INSERT INTO operations ("index", node, old_title, op_type, parent, title) VALUES (NULL, '6d5b6d26-b73b-4fa7-9b32-c2e874f3bd16', NULL, 'AddNode', 'd8925ff9-ebd4-4fc7-bb71-406daf9403ef', 'Figure out plans for Chris''s birthday')
[2024-07-04 13:08:57,535]-[DefaultDispatcher-worker-3 @call-handler#9] DEBUG Exposed - INSERT INTO operations ("index", node, old_title, op_type, parent, title) VALUES (NULL, 'c024d1c6-1d93-4bc1-9177-23ca49bae59d', NULL, 'AddNode', '147e5127-09de-4f03-a7bf-ee03dd2b8fb7', 'Entertain regularly')
[2024-07-04 13:08:57,542]-[DefaultDispatcher-worker-2 @call-handler#8] DEBUG Exposed - SELECT operations.id, operations.op_type, operations.parent, operations.title, operations."index", operations.node, operations.old_title FROM operations WHERE operations.id = 14
[2024-07-04 13:08:57,543]-[DefaultDispatcher-worker-3 @call-handler#10] DEBUG Exposed - SELECT operations.id, operations.op_type, operations.parent, operations.title, operations."index", operations.node, operations.old_title FROM operations WHERE operations.id = 13
[2024-07-04 13:08:57,543]-[DefaultDispatcher-worker-9 @call-handler#9] DEBUG Exposed - SELECT operations.id, operations.op_type, operations.parent, operations.title, operations."index", operations.node, operations.old_title FROM operations WHERE operations.id = 15
[2024-07-04 13:09:23,999]-[HikariPool-1 housekeeper] DEBUG com.zaxxer.hikari.pool.HikariPool - HikariPool-1 - Pool stats (total=3, active=0, idle=3, waiting=0)
[2024-07-04 13:09:54,003]-[HikariPool-1 housekeeper] DEBUG com.zaxxer.hikari.pool.HikariPool - HikariPool-1 - Pool stats (total=3, active=0, idle=3, waiting=0)
[2024-07-04 13:10:24,006]-[HikariPool-1 housekeeper] DEBUG com.zaxxer.hikari.pool.HikariPool - HikariPool-1 - Pool stats (total=3, active=0, idle=3, waiting=0)
[2024-07-04 13:10:54,009]-[HikariPool-1 housekeeper] DEBUG com.zaxxer.hikari.pool.HikariPool - HikariPool-1 - Pool stats (total=3, active=0, idle=3, waiting=0)
[2024-07-04 13:11:24,014]-[HikariPool-1 housekeeper] DEBUG com.zaxxer.hikari.pool.HikariPool - HikariPool-1 - Pool stats (total=3, active=0, idle=3, waiting=0)
[2024-07-04 13:11:53,539]-[main] INFO  com.zaxxer.hikari.HikariDataSource - HikariPool-1 - Starting...
[2024-07-04 13:11:53,613]-[main] INFO  com.zaxxer.hikari.HikariDataSource - HikariPool-1 - Start completed.
[2024-07-04 13:11:53,776]-[main] INFO  Application - Application started in 0.518 seconds.
[2024-07-04 13:11:53,865]-[main] INFO  Application - Responding at http://0.0.0.0:8080
[2024-07-04 14:27:55,635]-[main] INFO  com.zaxxer.hikari.HikariDataSource - HikariPool-1 - Starting...
[2024-07-04 14:27:55,696]-[main] INFO  com.zaxxer.hikari.HikariDataSource - HikariPool-1 - Start completed.
[2024-07-04 14:27:55,835]-[main] INFO  Application - Application started in 0.487 seconds.
[2024-07-04 14:27:55,912]-[main] INFO  Application - Responding at http://0.0.0.0:8080
